[ 2017-06-11T09:03:04+08:00 ] 220.178.213.186 /index.php/Home/Index/index.html
INFO: [ app_init ] --START--
INFO: Run Behavior\BuildLiteBehavior [ RunTime:0.000013s ]
INFO: [ app_init ] --END-- [ RunTime:0.000385s ]
INFO: [ app_begin ] --START--
INFO: Run Behavior\ReadHtmlCacheBehavior [ RunTime:0.000470s ]
INFO: [ app_begin ] --END-- [ RunTime:0.000519s ]

[ 2017-06-11T09:03:05+08:00 ] 220.178.213.186 /index.php/home/login/regist.html
INFO: [ app_init ] --START--
INFO: Run Behavior\BuildLiteBehavior [ RunTime:0.000011s ]
INFO: [ app_init ] --END-- [ RunTime:0.000224s ]
INFO: [ app_begin ] --START--
INFO: Run Behavior\ReadHtmlCacheBehavior [ RunTime:0.000301s ]
INFO: [ app_begin ] --END-- [ RunTime:0.000346s ]
INFO: [ view_parse ] --START--
INFO: [ template_filter ] --START--
INFO: Run Behavior\ContentReplaceBehavior [ RunTime:0.000059s ]
INFO: [ template_filter ] --END-- [ RunTime:0.000111s ]
INFO: Run Behavior\ParseTemplateBehavior [ RunTime:0.008060s ]
INFO: [ view_parse ] --END-- [ RunTime:0.008108s ]
INFO: [ view_filter ] --START--
INFO: Run Behavior\WriteHtmlCacheBehavior [ RunTime:0.000293s ]
INFO: Run Behavior\TokenBuildBehavior [ RunTime:0.000417s ]
INFO: [ view_filter ] --END-- [ RunTime:0.000777s ]
INFO: [ app_end ] --START--
INFO: Run Behavior\ShowPageTraceBehavior [ RunTime:0.000540s ]
INFO: [ app_end ] --END-- [ RunTime:0.000587s ]

[ 2017-06-11T09:03:15+08:00 ] 101.226.66.181 /index.php/home/login/regist.html
INFO: [ app_init ] --START--
INFO: Run Behavior\BuildLiteBehavior [ RunTime:0.000012s ]
INFO: [ app_init ] --END-- [ RunTime:0.000238s ]
INFO: [ app_begin ] --START--
INFO: Run Behavior\ReadHtmlCacheBehavior [ RunTime:0.000300s ]
INFO: [ app_begin ] --END-- [ RunTime:0.000345s ]
INFO: [ view_parse ] --START--
INFO: [ template_filter ] --START--
INFO: Run Behavior\ContentReplaceBehavior [ RunTime:0.000056s ]
INFO: [ template_filter ] --END-- [ RunTime:0.000101s ]
INFO: Run Behavior\ParseTemplateBehavior [ RunTime:0.004127s ]
INFO: [ view_parse ] --END-- [ RunTime:0.004172s ]
INFO: [ view_filter ] --START--
INFO: Run Behavior\WriteHtmlCacheBehavior [ RunTime:0.000144s ]
INFO: Run Behavior\TokenBuildBehavior [ RunTime:0.000264s ]
INFO: [ view_filter ] --END-- [ RunTime:0.000462s ]
INFO: [ app_end ] --START--
INFO: Run Behavior\ShowPageTraceBehavior [ RunTime:0.000335s ]
INFO: [ app_end ] --END-- [ RunTime:0.000380s ]

[ 2017-06-11T11:24:28+08:00 ] 220.178.213.186 /
INFO: [ app_init ] --START--
INFO: Run Behavior\BuildLiteBehavior [ RunTime:0.000012s ]
INFO: [ app_init ] --END-- [ RunTime:0.000229s ]
INFO: [ app_begin ] --START--
INFO: Run Behavior\ReadHtmlCacheBehavior [ RunTime:0.000293s ]
INFO: [ app_begin ] --END-- [ RunTime:0.000339s ]

[ 2017-06-11T11:24:28+08:00 ] 220.178.213.186 /index.php/home/login/regist.html
INFO: [ app_init ] --START--
INFO: Run Behavior\BuildLiteBehavior [ RunTime:0.000012s ]
INFO: [ app_init ] --END-- [ RunTime:0.000243s ]
INFO: [ app_begin ] --START--
INFO: Run Behavior\ReadHtmlCacheBehavior [ RunTime:0.000291s ]
INFO: [ app_begin ] --END-- [ RunTime:0.000335s ]
INFO: [ view_parse ] --START--
INFO: [ template_filter ] --START--
INFO: Run Behavior\ContentReplaceBehavior [ RunTime:0.000057s ]
INFO: [ template_filter ] --END-- [ RunTime:0.000101s ]
INFO: Run Behavior\ParseTemplateBehavior [ RunTime:0.004091s ]
INFO: [ view_parse ] --END-- [ RunTime:0.004134s ]
INFO: [ view_filter ] --START--
INFO: Run Behavior\WriteHtmlCacheBehavior [ RunTime:0.000141s ]
INFO: Run Behavior\TokenBuildBehavior [ RunTime:0.000250s ]
INFO: [ view_filter ] --END-- [ RunTime:0.000447s ]
INFO: [ app_end ] --START--
INFO: Run Behavior\ShowPageTraceBehavior [ RunTime:0.000323s ]
INFO: [ app_end ] --END-- [ RunTime:0.000368s ]

[ 2017-06-11T11:24:36+08:00 ] 220.178.213.186 /index.php/home/login/regist
INFO: [ app_init ] --START--
INFO: Run Behavior\BuildLiteBehavior [ RunTime:0.000012s ]
INFO: [ app_init ] --END-- [ RunTime:0.000245s ]
INFO: [ app_begin ] --START--
INFO: Run Behavior\ReadHtmlCacheBehavior [ RunTime:0.000287s ]
INFO: [ app_begin ] --END-- [ RunTime:0.000334s ]
SQL: SHOW COLUMNS FROM `jjrxt_yonghu` [ RunTime:0.0006s ]
SQL: SELECT `keyid` FROM `jjrxt_yonghu` WHERE `keyid` = '11faee6d12c1f62c' AND `gongsiid` = 10000 LIMIT 1   [ RunTime:0.0002s ]
SQL: SHOW COLUMNS FROM `jjrxt_mac` [ RunTime:0.0003s ]
SQL: SELECT `macid`,`shenhe` FROM `jjrxt_mac` WHERE `macid` = '8C-70-5A-39-57-34' LIMIT 1   [ RunTime:0.0001s ]

[ 2017-06-11T11:24:36+08:00 ] 220.178.213.186 /index.php/home/login/index.html
INFO: [ app_init ] --START--
INFO: Run Behavior\BuildLiteBehavior [ RunTime:0.000011s ]
INFO: [ app_init ] --END-- [ RunTime:0.000217s ]
INFO: [ app_begin ] --START--
INFO: Run Behavior\ReadHtmlCacheBehavior [ RunTime:0.000290s ]
INFO: [ app_begin ] --END-- [ RunTime:0.000334s ]
NOTIC: [8] Undefined index: mmm /www/web/dahuainan_t/public_html/Application/Home/Controller/LoginController.class.php 第 7 行.
INFO: [ view_parse ] --START--
INFO: [ template_filter ] --START--
INFO: Run Behavior\ContentReplaceBehavior [ RunTime:0.000061s ]
INFO: [ template_filter ] --END-- [ RunTime:0.000104s ]
NOTIC: [8] Undefined variable: verifyerror /www/web/dahuainan_t/public_html/Application/Runtime/Cache/Home/5b6adcb62ad2b5dfc2abc2cd5e11dc99.php 第 50 行.
INFO: Run Behavior\ParseTemplateBehavior [ RunTime:0.004792s ]
INFO: [ view_parse ] --END-- [ RunTime:0.004829s ]
INFO: [ view_filter ] --START--
INFO: Run Behavior\WriteHtmlCacheBehavior [ RunTime:0.000143s ]
INFO: Run Behavior\TokenBuildBehavior [ RunTime:0.000254s ]
INFO: [ view_filter ] --END-- [ RunTime:0.000453s ]
INFO: [ app_end ] --START--
INFO: Run Behavior\ShowPageTraceBehavior [ RunTime:0.000323s ]
INFO: [ app_end ] --END-- [ RunTime:0.000366s ]

[ 2017-06-11T11:24:44+08:00 ] 220.178.213.186 /index.php/home/login/Login
INFO: [ app_init ] --START--
INFO: Run Behavior\BuildLiteBehavior [ RunTime:0.000011s ]
INFO: [ app_init ] --END-- [ RunTime:0.000248s ]
INFO: [ app_begin ] --START--
INFO: Run Behavior\ReadHtmlCacheBehavior [ RunTime:0.000299s ]
INFO: [ app_begin ] --END-- [ RunTime:0.000345s ]
SQL: SHOW COLUMNS FROM `jjrxt_mac` [ RunTime:0.0005s ]
SQL: SELECT * FROM `jjrxt_mac` WHERE `macid` = '8C-70-5A-39-57-34' AND `shenhe` = 1 LIMIT 1   [ RunTime:0.0001s ]
SQL: SHOW COLUMNS FROM `jjrxt_yonghu` [ RunTime:0.0004s ]
SQL: SELECT * FROM `jjrxt_yonghu` WHERE `dianhua` = 'admin' AND `gongsiid` = 10000 LIMIT 1   [ RunTime:0.0002s ]
SQL: SHOW COLUMNS FROM `jjrxt_yonghu` [ RunTime:0.0004s ]
SQL: SELECT * FROM `jjrxt_yonghu` WHERE `dianhua` = 'admin' AND `gongsiid` = 10000 LIMIT 1   [ RunTime:0.0001s ]
SQL: UPDATE `jjrxt_yonghu` SET `logintime`='1497151484',`loginip`='220.178.213.186' WHERE `id` = 1 [ RunTime:0.0002s ]

[ 2017-06-11T11:24:44+08:00 ] 220.178.213.186 /index.php/home/index/index.html
INFO: [ app_init ] --START--
INFO: Run Behavior\BuildLiteBehavior [ RunTime:0.000011s ]
INFO: [ app_init ] --END-- [ RunTime:0.000217s ]
INFO: [ app_begin ] --START--
INFO: Run Behavior\ReadHtmlCacheBehavior [ RunTime:0.000290s ]
INFO: [ app_begin ] --END-- [ RunTime:0.000334s ]
SQL: SHOW COLUMNS FROM `jjrxt_yonghu` [ RunTime:0.0004s ]
SQL: SELECT * FROM `jjrxt_yonghu` WHERE ( id=1 ) LIMIT 1   [ RunTime:0.0002s ]
INFO: [ view_parse ] --START--
INFO: [ template_filter ] --START--
INFO: Run Behavior\ContentReplaceBehavior [ RunTime:0.000111s ]
INFO: [ template_filter ] --END-- [ RunTime:0.000155s ]
INFO: Run Behavior\ParseTemplateBehavior [ RunTime:0.012844s ]
INFO: [ view_parse ] --END-- [ RunTime:0.012889s ]
INFO: [ view_filter ] --START--
INFO: Run Behavior\WriteHtmlCacheBehavior [ RunTime:0.000147s ]
INFO: Run Behavior\TokenBuildBehavior [ RunTime:0.000389s ]
INFO: [ view_filter ] --END-- [ RunTime:0.000596s ]
INFO: [ app_end ] --START--
INFO: Run Behavior\ShowPageTraceBehavior [ RunTime:0.000316s ]
INFO: [ app_end ] --END-- [ RunTime:0.000362s ]

[ 2017-06-11T11:24:44+08:00 ] 220.178.213.186 /index.php/home/index/welcome.html
INFO: [ app_init ] --START--
INFO: Run Behavior\BuildLiteBehavior [ RunTime:0.000012s ]
INFO: [ app_init ] --END-- [ RunTime:0.000223s ]
INFO: [ app_begin ] --START--
INFO: Run Behavior\ReadHtmlCacheBehavior [ RunTime:0.000296s ]
INFO: [ app_begin ] --END-- [ RunTime:0.000343s ]
SQL: SHOW COLUMNS FROM `jjrxt_xianzhi` [ RunTime:0.0004s ]
SQL: SELECT a.shijian,c.bmming,b.ygmingcheng,d.bianhao,d.id FROM `jjrxt_xianzhi` `a`,`jjrxt_yonghu` `b`,`jjrxt_bumen` `c`,`jjrxt_fangyuan` `d` WHERE ( a.uid=b.id and b.bumen=c.id and a.fyid=d.id ) ORDER BY a.shijian desc LIMIT 10   [ RunTime:0.0249s ]
SQL: SHOW COLUMNS FROM `jjrxt_yonghu` [ RunTime:0.0004s ]
SQL: SELECT a.ygmingcheng,a.dianhua,a.touxiang,a.ygbianhao,b.bmming FROM `jjrxt_yonghu` `a`,`jjrxt_bumen` `b` WHERE ( a.bumen=b.id and a.id=1 ) LIMIT 1   [ RunTime:0.0002s ]
SQL: SHOW COLUMNS FROM `jjrxt_shoucang` [ RunTime:0.0002s ]
SQL: SELECT * FROM `jjrxt_shoucang` WHERE `user_id` = 1  [ RunTime:0.0001s ]
SQL: SHOW COLUMNS FROM `jjrxt_fangyuan` [ RunTime:0.0008s ]
SQL: select count(*) from jjrxt_fangyuan where gongsiid=10000 and id in (2,7,8) [ RunTime:0.0002s ]
SQL: select * from jjrxt_fangyuan where gongsiid=10000 and id in (2,7,8) limit 0,10 [ RunTime:0.0002s ]
SQL: SHOW COLUMNS FROM `jjrxt_xingzhengqu` [ RunTime:0.0002s ]
SQL: SELECT * FROM `jjrxt_xingzhengqu`  [ RunTime:0.0001s ]
SQL: SHOW COLUMNS FROM `jjrxt_xiaoqu` [ RunTime:0.0005s ]
SQL: SELECT * FROM `jjrxt_xiaoqu` WHERE `gongsiid` = 10000  [ RunTime:0.0003s ]
SQL: SHOW COLUMNS FROM `jjrxt_peizhi` [ RunTime:0.0003s ]
SQL: SELECT * FROM `jjrxt_peizhi` WHERE `pzming` = 'zhuangtai'  [ RunTime:0.0001s ]
SQL: SELECT * FROM `jjrxt_peizhi` WHERE `pzming` = 'ggleibie'  [ RunTime:0.0001s ]
SQL: SELECT * FROM `jjrxt_peizhi` WHERE `pzming` = 'zujialx'  [ RunTime:0.0001s ]
SQL: SELECT * FROM `jjrxt_peizhi` WHERE `pzming` = 'leixing'  [ RunTime:0.0001s ]
SQL: SELECT * FROM `jjrxt_peizhi` WHERE `pzming` = 'yongtu'  [ RunTime:0.0001s ]
SQL: SHOW COLUMNS FROM `jjrxt_yonghu` [ RunTime:0.0004s ]
SQL: SELECT `xzchakan` FROM `jjrxt_yonghu` WHERE `id` = 1 LIMIT 1   [ RunTime:0.0001s ]
SQL: SHOW COLUMNS FROM `jjrxt_xianzhi` [ RunTime:0.0003s ]
SQL: SELECT COUNT(*) AS tp_count FROM `jjrxt_xianzhi` WHERE `uid` = 1 AND `time` = '06-11' LIMIT 1   [ RunTime:0.0007s ]
SQL: SHOW COLUMNS FROM `jjrxt_gsgonggao` [ RunTime:0.0004s ]
SQL: SELECT * FROM `jjrxt_gsgonggao` GROUP BY ggshijian desc LIMIT 7   [ RunTime:0.0001s ]
SQL: SELECT `ygmingcheng` FROM `jjrxt_yonghu` WHERE `id` = 1 LIMIT 1   [ RunTime:0.0002s ]
SQL: select FROM_UNIXTIME(lurusj, "%Y-%m-%d") as datetime,count(id) as fycount from jjrxt_fangyuan where weihurenid=1 and lurusj>= 1496246400 and lurusj < 1497151484 group by datetime [ RunTime:0.0046s ]
SQL: select FROM_UNIXTIME(lurusj, "%Y-%m-%d") as datetime,count(id) as kycount from jjrxt_keyuan where weihurenid=1 and lurusj>= 1496246400 and lurusj < 1497151484 group by datetime [ RunTime:0.0006s ]
SQL: select FROM_UNIXTIME(shijian, "%Y-%m-%d") as datetime,count(id) as fygjcount from jjrxt_fygenjin where uid=1 and shijian>= 1496246400 and shijian < 1497151484 group by datetime [ RunTime:0.0003s ]
SQL: select FROM_UNIXTIME(gjshijian, "%Y-%m-%d") as datetime,count(id) as kygjcount from jjrxt_kygenjin where gjuid=1 and gjshijian>= 1496246400 and gjshijian < 1497151484 group by datetime [ RunTime:0.0002s ]
SQL: select FROM_UNIXTIME(a.create_time, "%Y-%m-%d") as datetime,count(*) as tupiancount from (select * from jjrxt_photo where uid=1 and create_time>= 1496246400 and create_time < 1497151484 group by fybh) as a group by datetime [ RunTime:0.0016s ]
SQL: select FROM_UNIXTIME(lurusj, "%Y-%m-%d") as datetime,count(id) as yaoshicount from jjrxt_fangyuan where shouyaoren=1 and lurusj>= 1496246400 and lurusj < 1497151484 group by datetime [ RunTime:0.0045s ]
SQL: select FROM_UNIXTIME(shijian, "%Y-%m-%d") as datetime,count(id) as fydiaoqucount from jjrxt_xianzhi where uid=1 and shijian>= 1496246400 and shijian < 1497151484 group by datetime [ RunTime:0.0007s ]
SQL: select FROM_UNIXTIME(dkshijian, "%Y-%m-%d") as datetime,count(id) as daikancount from jjrxt_kydaikan where dkuid=1 and dkshijian>= 1496246400 and dkshijian < 1497151484 group by datetime [ RunTime:0.0002s ]
SQL: select FROM_UNIXTIME(a.dkshijian, "%Y-%m-%d") as datetime,count(id) as daipancount from (select * from jjrxt_kydaikan group by kybh) as a where a.dkuid=1 and a.dkshijian>= 1496246400 and a.dkshijian < 1497151484 group by datetime [ RunTime:0.0005s ]
NOTIC: [8] Undefined variable: fangyuan1 /www/web/dahuainan_t/public_html/Application/Home/Controller/BaobiaoController.class.php 第 77 行.
NOTIC: [2] array_key_exists() expects parameter 2 to be array, null given /www/web/dahuainan_t/public_html/Application/Home/Controller/BaobiaoController.class.php 第 77 行.
NOTIC: [8] Undefined variable: fangyuan1 /www/web/dahuainan_t/public_html/Application/Home/Controller/BaobiaoController.class.php 第 77 行.
NOTIC: [2] array_key_exists() expects parameter 2 to be array, null given /www/web/dahuainan_t/public_html/Application/Home/Controller/BaobiaoController.class.php 第 77 行.
NOTIC: [8] Undefined variable: fangyuan1 /www/web/dahuainan_t/public_html/Application/Home/Controller/BaobiaoController.class.php 第 77 行.
NOTIC: [2] array_key_exists() expects parameter 2 to be array, null given /www/web/dahuainan_t/public_html/Application/Home/Controller/BaobiaoController.class.php 第 77 行.
NOTIC: [8] Undefined variable: fangyuan1 /www/web/dahuainan_t/public_html/Application/Home/Controller/BaobiaoController.class.php 第 77 行.
NOTIC: [2] array_key_exists() expects parameter 2 to be array, null given /www/web/dahuainan_t/public_html/Application/Home/Controller/BaobiaoController.class.php 第 77 行.
NOTIC: [8] Undefined variable: fangyuan1 /www/web/dahuainan_t/public_html/Application/Home/Controller/BaobiaoController.class.php 第 77 行.
NOTIC: [2] array_key_exists() expects parameter 2 to be array, null given /www/web/dahuainan_t/public_html/Application/Home/Controller/BaobiaoController.class.php 第 77 行.
NOTIC: [8] Undefined variable: fangyuan1 /www/web/dahuainan_t/public_html/Application/Home/Controller/BaobiaoController.class.php 第 77 行.
NOTIC: [2] array_key_exists() expects parameter 2 to be array, null given /www/web/dahuainan_t/public_html/Application/Home/Controller/BaobiaoController.class.php 第 77 行.
NOTIC: [8] Undefined variable: fangyuan1 /www/web/dahuainan_t/public_html/Application/Home/Controller/BaobiaoController.class.php 第 77 行.
NOTIC: [2] array_key_exists() expects parameter 2 to be array, null given /www/web/dahuainan_t/public_html/Application/Home/Controller/BaobiaoController.class.php 第 77 行.
NOTIC: [8] Undefined variable: fangyuan1 /www/web/dahuainan_t/public_html/Application/Home/Controller/BaobiaoController.class.php 第 77 行.
NOTIC: [2] array_key_exists() expects parameter 2 to be array, null given /www/web/dahuainan_t/public_html/Application/Home/Controller/BaobiaoController.class.php 第 77 行.
NOTIC: [8] Undefined variable: fangyuan1 /www/web/dahuainan_t/public_html/Application/Home/Controller/BaobiaoController.class.php 第 77 行.
NOTIC: [2] array_key_exists() expects parameter 2 to be array, null given /www/web/dahuainan_t/public_html/Application/Home/Controller/BaobiaoController.class.php 第 77 行.
NOTIC: [8] Undefined variable: fangyuan1 /www/web/dahuainan_t/public_html/Application/Home/Controller/BaobiaoController.class.php 第 77 行.
NOTIC: [2] array_key_exists() expects parameter 2 to be array, null given /www/web/dahuainan_t/public_html/Application/Home/Controller/BaobiaoController.class.php 第 77 行.
NOTIC: [8] Undefined variable: fangyuan1 /www/web/dahuainan_t/public_html/Application/Home/Controller/BaobiaoController.class.php 第 77 行.
NOTIC: [2] array_key_exists() expects parameter 2 to be array, null given /www/web/dahuainan_t/public_html/Application/Home/Controller/BaobiaoController.class.php 第 77 行.
NOTIC: [8] Undefined variable: keyuan1 /www/web/dahuainan_t/public_html/Application/Home/Controller/BaobiaoController.class.php 第 81 行.
NOTIC: [2] array_key_exists() expects parameter 2 to be array, null given /www/web/dahuainan_t/public_html/Application/Home/Controller/BaobiaoController.class.php 第 81 行.
NOTIC: [8] Undefined variable: keyuan1 /www/web/dahuainan_t/public_html/Application/Home/Controller/BaobiaoController.class.php 第 81 行.
NOTIC: [2] array_key_exists() expects parameter 2 to be array, null given /www/web/dahuainan_t/public_html/Application/Home/Controller/BaobiaoController.class.php 第 81 行.
NOTIC: [8] Undefined variable: keyuan1 /www/web/dahuainan_t/public_html/Application/Home/Controller/BaobiaoController.class.php 第 81 行.
NOTIC: [2] array_key_exists() expects parameter 2 to be array, null given /www/web/dahuainan_t/public_html/Application/Home/Controller/BaobiaoController.class.php 第 81 行.
NOTIC: [8] Undefined variable: keyuan1 /www/web/dahuainan_t/public_html/Application/Home/Controller/BaobiaoController.class.php 第 81 行.
NOTIC: [2] array_key_exists() expects parameter 2 to be array, null given /www/web/dahuainan_t/public_html/Application/Home/Controller/BaobiaoController.class.php 第 81 行.
NOTIC: [8] Undefined variable: keyuan1 /www/web/dahuainan_t/public_html/Application/Home/Controller/BaobiaoController.class.php 第 81 行.
NOTIC: [2] array_key_exists() expects parameter 2 to be array, null given /www/web/dahuainan_t/public_html/Application/Home/Controller/BaobiaoController.class.php 第 81 行.
NOTIC: [8] Undefined variable: keyuan1 /www/web/dahuainan_t/public_html/Application/Home/Controller/BaobiaoController.class.php 第 81 行.
NOTIC: [2] array_key_exists() expects parameter 2 to be array, null given /www/web/dahuainan_t/public_html/Application/Home/Controller/BaobiaoController.class.php 第 81 行.
NOTIC: [8] Undefined variable: keyuan1 /www/web/dahuainan_t/public_html/Application/Home/Controller/BaobiaoController.class.php 第 81 行.
NOTIC: [2] array_key_exists() expects parameter 2 to be array, null given /www/web/dahuainan_t/public_html/Application/Home/Controller/BaobiaoController.class.php 第 81 行.
NOTIC: [8] Undefined variable: keyuan1 /www/web/dahuainan_t/public_html/Application/Home/Controller/BaobiaoController.class.php 第 81 行.
NOTIC: [2] array_key_exists() expects parameter 2 to be array, null given /www/web/dahuainan_t/public_html/Application/Home/Controller/BaobiaoController.class.php 第 81 行.
NOTIC: [8] Undefined variable: keyuan1 /www/web/dahuainan_t/public_html/Application/Home/Controller/BaobiaoController.class.php 第 81 行.
NOTIC: [2] array_key_exists() expects parameter 2 to be array, null given /www/web/dahuainan_t/public_html/Application/Home/Controller/BaobiaoController.class.php 第 81 行.
NOTIC: [8] Undefined variable: keyuan1 /www/web/dahuainan_t/public_html/Application/Home/Controller/BaobiaoController.class.php 第 81 行.
NOTIC: [2] array_key_exists() expects parameter 2 to be array, null given /www/web/dahuainan_t/public_html/Application/Home/Controller/BaobiaoController.class.php 第 81 行.
NOTIC: [8] Undefined variable: keyuan1 /www/web/dahuainan_t/public_html/Application/Home/Controller/BaobiaoController.class.php 第 81 行.
NOTIC: [2] array_key_exists() expects parameter 2 to be array, null given /www/web/dahuainan_t/public_html/Application/Home/Controller/BaobiaoController.class.php 第 81 行.
NOTIC: [8] Undefined variable: fygenjin1 /www/web/dahuainan_t/public_html/Application/Home/Controller/BaobiaoController.class.php 第 85 行.
NOTIC: [2] array_key_exists() expects parameter 2 to be array, null given /www/web/dahuainan_t/public_html/Application/Home/Controller/BaobiaoController.class.php 第 85 行.
NOTIC: [8] Undefined variable: fygenjin1 /www/web/dahuainan_t/public_html/Application/Home/Controller/BaobiaoController.class.php 第 85 行.
NOTIC: [2] array_key_exists() expects parameter 2 to be array, null given /www/web/dahuainan_t/public_html/Application/Home/Controller/BaobiaoController.class.php 第 85 行.
NOTIC: [8] Undefined variable: fygenjin1 /www/web/dahuainan_t/public_html/Application/Home/Controller/BaobiaoController.class.php 第 85 行.
NOTIC: [2] array_key_exists() expects parameter 2 to be array, null given /www/web/dahuainan_t/public_html/Application/Home/Controller/BaobiaoController.class.php 第 85 行.
NOTIC: [8] Undefined variable: fygenjin1 /www/web/dahuainan_t/public_html/Application/Home/Controller/BaobiaoController.class.php 第 85 行.
NOTIC: [2] array_key_exists() expects parameter 2 to be array, null given /www/web/dahuainan_t/public_html/Application/Home/Controller/BaobiaoController.class.php 第 85 行.
NOTIC: [8] Undefined variable: fygenjin1 /www/web/dahuainan_t/public_html/Application/Home/Controller/BaobiaoController.class.php 第 85 行.
NOTIC: [2] array_key_exists() expects parameter 2 to be array, null given /www/web/dahuainan_t/public_html/Application/Home/Controller/BaobiaoController.class.php 第 85 行.
NOTIC: [8] Undefined variable: fygenjin1 /www/web/dahuainan_t/public_html/Application/Home/Controller/BaobiaoController.class.php 第 85 行.
NOTIC: [2] array_key_exists() expects parameter 2 to be array, null given /www/web/dahuainan_t/public_html/Application/Home/Controller/BaobiaoController.class.php 第 85 行.
NOTIC: [8] Undefined variable: fygenjin1 /www/web/dahuainan_t/public_html/Application/Home/Controller/BaobiaoController.class.php 第 85 行.
NOTIC: [2] array_key_exists() expects parameter 2 to be array, null given /www/web/dahuainan_t/public_html/Application/Home/Controller/BaobiaoController.class.php 第 85 行.
NOTIC: [8] Undefined variable: fygenjin1 /www/web/dahuainan_t/public_html/Application/Home/Controller/BaobiaoController.class.php 第 85 行.
NOTIC: [2] array_key_exists() expects parameter 2 to be array, null given /www/web/dahuainan_t/public_html/Application/Home/Controller/BaobiaoController.class.php 第 85 行.
NOTIC: [8] Undefined variable: fygenjin1 /www/web/dahuainan_t/public_html/Application/Home/Controller/BaobiaoController.class.php 第 85 行.
NOTIC: [2] array_key_exists() expects parameter 2 to be array, null given /www/web/dahuainan_t/public_html/Application/Home/Controller/BaobiaoController.class.php 第 85 行.
NOTIC: [8] Undefined variable: fygenjin1 /www/web/dahuainan_t/public_html/Application/Home/Controller/BaobiaoController.class.php 第 85 行.
NOTIC: [2] array_key_exists() expects parameter 2 to be array, null given /www/web/dahuainan_t/public_html/Application/Home/Controller/BaobiaoController.class.php 第 85 行.
NOTIC: [8] Undefined variable: fygenjin1 /www/web/dahuainan_t/public_html/Application/Home/Controller/BaobiaoController.class.php 第 85 行.
NOTIC: [2] array_key_exists() expects parameter 2 to be array, null given /www/web/dahuainan_t/public_html/Application/Home/Controller/BaobiaoController.class.php 第 85 行.
NOTIC: [8] Undefined variable: kygenjin1 /www/web/dahuainan_t/public_html/Application/Home/Controller/BaobiaoController.class.php 第 89 行.
NOTIC: [2] array_key_exists() expects parameter 2 to be array, null given /www/web/dahuainan_t/public_html/Application/Home/Controller/BaobiaoController.class.php 第 89 行.
NOTIC: [8] Undefined variable: kygenjin1 /www/web/dahuainan_t/public_html/Application/Home/Controller/BaobiaoController.class.php 第 89 行.
NOTIC: [2] array_key_exists() expects parameter 2 to be array, null given /www/web/dahuainan_t/public_html/Application/Home/Controller/BaobiaoController.class.php 第 89 行.
NOTIC: [8] Undefined variable: kygenjin1 /www/web/dahuainan_t/public_html/Application/Home/Controller/BaobiaoController.class.php 第 89 行.
NOTIC: [2] array_key_exists() expects parameter 2 to be array, null given /www/web/dahuainan_t/public_html/Application/Home/Controller/BaobiaoController.class.php 第 89 行.
NOTIC: [8] Undefined variable: kygenjin1 /www/web/dahuainan_t/public_html/Application/Home/Controller/BaobiaoController.class.php 第 89 行.
NOTIC: [2] array_key_exists() expects parameter 2 to be array, null given /www/web/dahuainan_t/public_html/Application/Home/Controller/BaobiaoController.class.php 第 89 行.
NOTIC: [8] Undefined variable: kygenjin1 /www/web/dahuainan_t/public_html/Application/Home/Controller/BaobiaoController.class.php 第 89 行.
NOTIC: [2] array_key_exists() expects parameter 2 to be array, null given /www/web/dahuainan_t/public_html/Application/Home/Controller/BaobiaoController.class.php 第 89 行.
NOTIC: [8] Undefined variable: kygenjin1 /www/web/dahuainan_t/public_html/Application/Home/Controller/BaobiaoController.class.php 第 89 行.
NOTIC: [2] array_key_exists() expects parameter 2 to be array, null given /www/web/dahuainan_t/public_html/Application/Home/Controller/BaobiaoController.class.php 第 89 行.
NOTIC: [8] Undefined variable: kygenjin1 /www/web/dahuainan_t/public_html/Application/Home/Controller/BaobiaoController.class.php 第 89 行.
NOTIC: [2] array_key_exists() expects parameter 2 to be array, null given /www/web/dahuainan_t/public_html/Application/Home/Controller/BaobiaoController.class.php 第 89 行.
NOTIC: [8] Undefined variable: kygenjin1 /www/web/dahuainan_t/public_html/Application/Home/Controller/BaobiaoController.class.php 第 89 行.
NOTIC: [2] array_key_exists() expects parameter 2 to be array, null given /www/web/dahuainan_t/public_html/Application/Home/Controller/BaobiaoController.class.php 第 89 行.
NOTIC: [8] Undefined variable: kygenjin1 /www/web/dahuainan_t/public_html/Application/Home/Controller/BaobiaoController.class.php 第 89 行.
NOTIC: [2] array_key_exists() expects parameter 2 to be array, null given /www/web/dahuainan_t/public_html/Application/Home/Controller/BaobiaoController.class.php 第 89 行.
NOTIC: [8] Undefined variable: kygenjin1 /www/web/dahuainan_t/public_html/Application/Home/Controller/BaobiaoController.class.php 第 89 行.
NOTIC: [2] array_key_exists() expects parameter 2 to be array, null given /www/web/dahuainan_t/public_html/Application/Home/Controller/BaobiaoController.class.php 第 89 行.
NOTIC: [8] Undefined variable: kygenjin1 /www/web/dahuainan_t/public_html/Application/Home/Controller/BaobiaoController.class.php 第 89 行.
NOTIC: [2] array_key_exists() expects parameter 2 to be array, null given /www/web/dahuainan_t/public_html/Application/Home/Controller/BaobiaoController.class.php 第 89 行.
NOTIC: [8] Undefined variable: tupian1 /www/web/dahuainan_t/public_html/Application/Home/Controller/BaobiaoController.class.php 第 93 行.
NOTIC: [2] array_key_exists() expects parameter 2 to be array, null given /www/web/dahuainan_t/public_html/Application/Home/Controller/BaobiaoController.class.php 第 93 行.
NOTIC: [8] Undefined variable: tupian1 /www/web/dahuainan_t/public_html/Application/Home/Controller/BaobiaoController.class.php 第 93 行.
NOTIC: [2] array_key_exists() expects parameter 2 to be array, null given /www/web/dahuainan_t/public_html/Application/Home/Controller/BaobiaoController.class.php 第 93 行.
NOTIC: [8] Undefined variable: tupian1 /www/web/dahuainan_t/public_html/Application/Home/Controller/BaobiaoController.class.php 第 93 行.
NOTIC: [2] array_key_exists() expects parameter 2 to be array, null given /www/web/dahuainan_t/public_html/Application/Home/Controller/BaobiaoController.class.php 第 93 行.
NOTIC: [8] Undefined variable: tupian1 /www/web/dahuainan_t/public_html/Application/Home/Controller/BaobiaoController.class.php 第 93 行.
NOTIC: [2] array_key_exists() expects parameter 2 to be array, null given /www/web/dahuainan_t/public_html/Application/Home/Controller/BaobiaoController.class.php 第 93 行.
NOTIC: [8] Undefined variable: tupian1 /www/web/dahuainan_t/public_html/Application/Home/Controller/BaobiaoController.class.php 第 93 行.
NOTIC: [2] array_key_exists() expects parameter 2 to be array, null given /www/web/dahuainan_t/public_html/Application/Home/Controller/BaobiaoController.class.php 第 93 行.
NOTIC: [8] Undefined variable: tupian1 /www/web/dahuainan_t/public_html/Application/Home/Controller/BaobiaoController.class.php 第 93 行.
NOTIC: [2] array_key_exists() expects parameter 2 to be array, null given /www/web/dahuainan_t/public_html/Application/Home/Controller/BaobiaoController.class.php 第 93 行.
NOTIC: [8] Undefined variable: tupian1 /www/web/dahuainan_t/public_html/Application/Home/Controller/BaobiaoController.class.php 第 93 行.
NOTIC: [2] array_key_exists() expects parameter 2 to be array, null given /www/web/dahuainan_t/public_html/Application/Home/Controller/BaobiaoController.class.php 第 93 行.
NOTIC: [8] Undefined variable: tupian1 /www/web/dahuainan_t/public_html/Application/Home/Controller/BaobiaoController.class.php 第 93 行.
NOTIC: [2] array_key_exists() expects parameter 2 to be array, null given /www/web/dahuainan_t/public_html/Application/Home/Controller/BaobiaoController.class.php 第 93 行.
NOTIC: [8] Undefined variable: tupian1 /www/web/dahuainan_t/public_html/Application/Home/Controller/BaobiaoController.class.php 第 93 行.
NOTIC: [2] array_key_exists() expects parameter 2 to be array, null given /www/web/dahuainan_t/public_html/Application/Home/Controller/BaobiaoController.class.php 第 93 行.
NOTIC: [8] Undefined variable: tupian1 /www/web/dahuainan_t/public_html/Application/Home/Controller/BaobiaoController.class.php 第 93 行.
NOTIC: [2] array_key_exists() expects parameter 2 to be array, null given /www/web/dahuainan_t/public_html/Application/Home/Controller/BaobiaoController.class.php 第 93 行.
NOTIC: [8] Undefined variable: tupian1 /www/web/dahuainan_t/public_html/Application/Home/Controller/BaobiaoController.class.php 第 93 行.
NOTIC: [2] array_key_exists() expects parameter 2 to be array, null given /www/web/dahuainan_t/public_html/Application/Home/Controller/BaobiaoController.class.php 第 93 行.
NOTIC: [8] Undefined variable: yaoshi1 /www/web/dahuainan_t/public_html/Application/Home/Controller/BaobiaoController.class.php 第 97 行.
NOTIC: [2] array_key_exists() expects parameter 2 to be array, null given /www/web/dahuainan_t/public_html/Application/Home/Controller/BaobiaoController.class.php 第 97 行.
NOTIC: [8] Undefined variable: yaoshi1 /www/web/dahuainan_t/public_html/Application/Home/Controller/BaobiaoController.class.php 第 97 行.
NOTIC: [2] array_key_exists() expects parameter 2 to be array, null given /www/web/dahuainan_t/public_html/Application/Home/Controller/BaobiaoController.class.php 第 97 行.
NOTIC: [8] Undefined variable: yaoshi1 /www/web/dahuainan_t/public_html/Application/Home/Controller/BaobiaoController.class.php 第 97 行.
NOTIC: [2] array_key_exists() expects parameter 2 to be array, null given /www/web/dahuainan_t/public_html/Application/Home/Controller/BaobiaoController.class.php 第 97 行.
NOTIC: [8] Undefined variable: yaoshi1 /www/web/dahuainan_t/public_html/Application/Home/Controller/BaobiaoController.class.php 第 97 行.
NOTIC: [2] array_key_exists() expects parameter 2 to be array, null given /www/web/dahuainan_t/public_html/Application/Home/Controller/BaobiaoController.class.php 第 97 行.
NOTIC: [8] Undefined variable: yaoshi1 /www/web/dahuainan_t/public_html/Application/Home/Controller/BaobiaoController.class.php 第 97 行.
NOTIC: [2] array_key_exists() expects parameter 2 to be array, null given /www/web/dahuainan_t/public_html/Application/Home/Controller/BaobiaoController.class.php 第 97 行.
NOTIC: [8] Undefined variable: yaoshi1 /www/web/dahuainan_t/public_html/Application/Home/Controller/BaobiaoController.class.php 第 97 行.
NOTIC: [2] array_key_exists() expects parameter 2 to be array, null given /www/web/dahuainan_t/public_html/Application/Home/Controller/BaobiaoController.class.php 第 97 行.
NOTIC: [8] Undefined variable: yaoshi1 /www/web/dahuainan_t/public_html/Application/Home/Controller/BaobiaoController.class.php 第 97 行.
NOTIC: [2] array_key_exists() expects parameter 2 to be array, null given /www/web/dahuainan_t/public_html/Application/Home/Controller/BaobiaoController.class.php 第 97 行.
NOTIC: [8] Undefined variable: yaoshi1 /www/web/dahuainan_t/public_html/Application/Home/Controller/BaobiaoController.class.php 第 97 行.
NOTIC: [2] array_key_exists() expects parameter 2 to be array, null given /www/web/dahuainan_t/public_html/Application/Home/Controller/BaobiaoController.class.php 第 97 行.
NOTIC: [8] Undefined variable: yaoshi1 /www/web/dahuainan_t/public_html/Application/Home/Controller/BaobiaoController.class.php 第 97 行.
NOTIC: [2] array_key_exists() expects parameter 2 to be array, null given /www/web/dahuainan_t/public_html/Application/Home/Controller/BaobiaoController.class.php 第 97 行.
NOTIC: [8] Undefined variable: yaoshi1 /www/web/dahuainan_t/public_html/Application/Home/Controller/BaobiaoController.class.php 第 97 行.
NOTIC: [2] array_key_exists() expects parameter 2 to be array, null given /www/web/dahuainan_t/public_html/Application/Home/Controller/BaobiaoController.class.php 第 97 行.
NOTIC: [8] Undefined variable: yaoshi1 /www/web/dahuainan_t/public_html/Application/Home/Controller/BaobiaoController.class.php 第 97 行.
NOTIC: [2] array_key_exists() expects parameter 2 to be array, null given /www/web/dahuainan_t/public_html/Application/Home/Controller/BaobiaoController.class.php 第 97 行.
NOTIC: [8] Undefined variable: fydiaoqu1 /www/web/dahuainan_t/public_html/Application/Home/Controller/BaobiaoController.class.php 第 101 行.
NOTIC: [2] array_key_exists() expects parameter 2 to be array, null given /www/web/dahuainan_t/public_html/Application/Home/Controller/BaobiaoController.class.php 第 101 行.
NOTIC: [8] Undefined variable: fydiaoqu1 /www/web/dahuainan_t/public_html/Application/Home/Controller/BaobiaoController.class.php 第 101 行.
NOTIC: [2] array_key_exists() expects parameter 2 to be array, null given /www/web/dahuainan_t/public_html/Application/Home/Controller/BaobiaoController.class.php 第 101 行.
NOTIC: [8] Undefined variable: fydiaoqu1 /www/web/dahuainan_t/public_html/Application/Home/Controller/BaobiaoController.class.php 第 101 行.
NOTIC: [2] array_key_exists() expects parameter 2 to be array, null given /www/web/dahuainan_t/public_html/Application/Home/Controller/BaobiaoController.class.php 第 101 行.
NOTIC: [8] Undefined variable: fydiaoqu1 /www/web/dahuainan_t/public_html/Application/Home/Controller/BaobiaoController.class.php 第 101 行.
NOTIC: [2] array_key_exists() expects parameter 2 to be array, null given /www/web/dahuainan_t/public_html/Application/Home/Controller/BaobiaoController.class.php 第 101 行.
NOTIC: [8] Undefined variable: fydiaoqu1 /www/web/dahuainan_t/public_html/Application/Home/Controller/BaobiaoController.class.php 第 101 行.
NOTIC: [2] array_key_exists() expects parameter 2 to be array, null given /www/web/dahuainan_t/public_html/Application/Home/Controller/BaobiaoController.class.php 第 101 行.
NOTIC: [8] Undefined variable: fydiaoqu1 /www/web/dahuainan_t/public_html/Application/Home/Controller/BaobiaoController.class.php 第 101 行.
NOTIC: [2] array_key_exists() expects parameter 2 to be array, null given /www/web/dahuainan_t/public_html/Application/Home/Controller/BaobiaoController.class.php 第 101 行.
NOTIC: [8] Undefined variable: fydiaoqu1 /www/web/dahuainan_t/public_html/Application/Home/Controller/BaobiaoController.class.php 第 101 行.
NOTIC: [2] array_key_exists() expects parameter 2 to be array, null given /www/web/dahuainan_t/public_html/Application/Home/Controller/BaobiaoController.class.php 第 101 行.
NOTIC: [8] Undefined variable: fydiaoqu1 /www/web/dahuainan_t/public_html/Application/Home/Controller/BaobiaoController.class.php 第 101 行.
NOTIC: [2] array_key_exists() expects parameter 2 to be array, null given /www/web/dahuainan_t/public_html/Application/Home/Controller/BaobiaoController.class.php 第 101 行.
NOTIC: [8] Undefined variable: fydiaoqu1 /www/web/dahuainan_t/public_html/Application/Home/Controller/BaobiaoController.class.php 第 101 行.
NOTIC: [2] array_key_exists() expects parameter 2 to be array, null given /www/web/dahuainan_t/public_html/Application/Home/Controller/BaobiaoController.class.php 第 101 行.
NOTIC: [8] Undefined variable: fydiaoqu1 /www/web/dahuainan_t/public_html/Application/Home/Controller/BaobiaoController.class.php 第 101 行.
NOTIC: [2] array_key_exists() expects parameter 2 to be array, null given /www/web/dahuainan_t/public_html/Application/Home/Controller/BaobiaoController.class.php 第 101 行.
NOTIC: [8] Undefined variable: fydiaoqu1 /www/web/dahuainan_t/public_html/Application/Home/Controller/BaobiaoController.class.php 第 101 行.
NOTIC: [2] array_key_exists() expects parameter 2 to be array, null given /www/web/dahuainan_t/public_html/Application/Home/Controller/BaobiaoController.class.php 第 101 行.
NOTIC: [8] Undefined variable: daikan1 /www/web/dahuainan_t/public_html/Application/Home/Controller/BaobiaoController.class.php 第 105 行.
NOTIC: [2] array_key_exists() expects parameter 2 to be array, null given /www/web/dahuainan_t/public_html/Application/Home/Controller/BaobiaoController.class.php 第 105 行.
NOTIC: [8] Undefined variable: daikan1 /www/web/dahuainan_t/public_html/Application/Home/Controller/BaobiaoController.class.php 第 105 行.
NOTIC: [2] array_key_exists() expects parameter 2 to be array, null given /www/web/dahuainan_t/public_html/Application/Home/Controller/BaobiaoController.class.php 第 105 行.
NOTIC: [8] Undefined variable: daikan1 /www/web/dahuainan_t/public_html/Application/Home/Controller/BaobiaoController.class.php 第 105 行.
NOTIC: [2] array_key_exists() expects parameter 2 to be array, null given /www/web/dahuainan_t/public_html/Application/Home/Controller/BaobiaoController.class.php 第 105 行.
NOTIC: [8] Undefined variable: daikan1 /www/web/dahuainan_t/public_html/Application/Home/Controller/BaobiaoController.class.php 第 105 行.
NOTIC: [2] array_key_exists() expects parameter 2 to be array, null given /www/web/dahuainan_t/public_html/Application/Home/Controller/BaobiaoController.class.php 第 105 行.
NOTIC: [8] Undefined variable: daikan1 /www/web/dahuainan_t/public_html/Application/Home/Controller/BaobiaoController.class.php 第 105 行.
NOTIC: [2] array_key_exists() expects parameter 2 to be array, null given /www/web/dahuainan_t/public_html/Application/Home/Controller/BaobiaoController.class.php 第 105 行.
NOTIC: [8] Undefined variable: daikan1 /www/web/dahuainan_t/public_html/Application/Home/Controller/BaobiaoController.class.php 第 105 行.
NOTIC: [2] array_key_exists() expects parameter 2 to be array, null given /www/web/dahuainan_t/public_html/Application/Home/Controller/BaobiaoController.class.php 第 105 行.
NOTIC: [8] Undefined variable: daikan1 /www/web/dahuainan_t/public_html/Application/Home/Controller/BaobiaoController.class.php 第 105 行.
NOTIC: [2] array_key_exists() expects parameter 2 to be array, null given /www/web/dahuainan_t/public_html/Application/Home/Controller/BaobiaoController.class.php 第 105 行.
NOTIC: [8] Undefined variable: daikan1 /www/web/dahuainan_t/public_html/Application/Home/Controller/BaobiaoController.class.php 第 105 行.
NOTIC: [2] array_key_exists() expects parameter 2 to be array, null given /www/web/dahuainan_t/public_html/Application/Home/Controller/BaobiaoController.class.php 第 105 行.
NOTIC: [8] Undefined variable: daikan1 /www/web/dahuainan_t/public_html/Application/Home/Controller/BaobiaoController.class.php 第 105 行.
NOTIC: [2] array_key_exists() expects parameter 2 to be array, null given /www/web/dahuainan_t/public_html/Application/Home/Controller/BaobiaoController.class.php 第 105 行.
NOTIC: [8] Undefined variable: daikan1 /www/web/dahuainan_t/public_html/Application/Home/Controller/BaobiaoController.class.php 第 105 行.
NOTIC: [2] array_key_exists() expects parameter 2 to be array, null given /www/web/dahuainan_t/public_html/Application/Home/Controller/BaobiaoController.class.php 第 105 行.
NOTIC: [8] Undefined variable: daikan1 /www/web/dahuainan_t/public_html/Application/Home/Controller/BaobiaoController.class.php 第 105 行.
NOTIC: [2] array_key_exists() expects parameter 2 to be array, null given /www/web/dahuainan_t/public_html/Application/Home/Controller/BaobiaoController.class.php 第 105 行.
NOTIC: [8] Undefined variable: daipan1 /www/web/dahuainan_t/public_html/Application/Home/Controller/BaobiaoController.class.php 第 109 行.
NOTIC: [2] array_key_exists() expects parameter 2 to be array, null given /www/web/dahuainan_t/public_html/Application/Home/Controller/BaobiaoController.class.php 第 109 行.
NOTIC: [8] Undefined variable: daipan1 /www/web/dahuainan_t/public_html/Application/Home/Controller/BaobiaoController.class.php 第 109 行.
NOTIC: [2] array_key_exists() expects parameter 2 to be array, null given /www/web/dahuainan_t/public_html/Application/Home/Controller/BaobiaoController.class.php 第 109 行.
NOTIC: [8] Undefined variable: daipan1 /www/web/dahuainan_t/public_html/Application/Home/Controller/BaobiaoController.class.php 第 109 行.
NOTIC: [2] array_key_exists() expects parameter 2 to be array, null given /www/web/dahuainan_t/public_html/Application/Home/Controller/BaobiaoController.class.php 第 109 行.
NOTIC: [8] Undefined variable: daipan1 /www/web/dahuainan_t/public_html/Application/Home/Controller/BaobiaoController.class.php 第 109 行.
NOTIC: [2] array_key_exists() expects parameter 2 to be array, null given /www/web/dahuainan_t/public_html/Application/Home/Controller/BaobiaoController.class.php 第 109 行.
NOTIC: [8] Undefined variable: daipan1 /www/web/dahuainan_t/public_html/Application/Home/Controller/BaobiaoController.class.php 第 109 行.
NOTIC: [2] array_key_exists() expects parameter 2 to be array, null given /www/web/dahuainan_t/public_html/Application/Home/Controller/BaobiaoController.class.php 第 109 行.
NOTIC: [8] Undefined variable: daipan1 /www/web/dahuainan_t/public_html/Application/Home/Controller/BaobiaoController.class.php 第 109 行.
NOTIC: [2] array_key_exists() expects parameter 2 to be array, null given /www/web/dahuainan_t/public_html/Application/Home/Controller/BaobiaoController.class.php 第 109 行.
NOTIC: [8] Undefined variable: daipan1 /www/web/dahuainan_t/public_html/Application/Home/Controller/BaobiaoController.class.php 第 109 行.
NOTIC: [2] array_key_exists() expects parameter 2 to be array, null given /www/web/dahuainan_t/public_html/Application/Home/Controller/BaobiaoController.class.php 第 109 行.
NOTIC: [8] Undefined variable: daipan1 /www/web/dahuainan_t/public_html/Application/Home/Controller/BaobiaoController.class.php 第 109 行.
NOTIC: [2] array_key_exists() expects parameter 2 to be array, null given /www/web/dahuainan_t/public_html/Application/Home/Controller/BaobiaoController.class.php 第 109 行.
NOTIC: [8] Undefined variable: daipan1 /www/web/dahuainan_t/public_html/Application/Home/Controller/BaobiaoController.class.php 第 109 行.
NOTIC: [2] array_key_exists() expects parameter 2 to be array, null given /www/web/dahuainan_t/public_html/Application/Home/Controller/BaobiaoController.class.php 第 109 行.
NOTIC: [8] Undefined variable: daipan1 /www/web/dahuainan_t/public_html/Application/Home/Controller/BaobiaoController.class.php 第 109 行.
NOTIC: [2] array_key_exists() expects parameter 2 to be array, null given /www/web/dahuainan_t/public_html/Application/Home/Controller/BaobiaoController.class.php 第 109 行.
NOTIC: [8] Undefined variable: daipan1 /www/web/dahuainan_t/public_html/Application/Home/Controller/BaobiaoController.class.php 第 109 行.
NOTIC: [2] array_key_exists() expects parameter 2 to be array, null given /www/web/dahuainan_t/public_html/Application/Home/Controller/BaobiaoController.class.php 第 109 行.
NOTIC: [8] Undefined variable: zong /www/web/dahuainan_t/public_html/Application/Home/Controller/BaobiaoController.class.php 第 117 行.
NOTIC: [8] Undefined index: kycount /www/web/dahuainan_t/public_html/Application/Home/Controller/BaobiaoController.class.php 第 118 行.
NOTIC: [8] Undefined index: fygjcount /www/web/dahuainan_t/public_html/Application/Home/Controller/BaobiaoController.class.php 第 119 行.
NOTIC: [8] Undefined index: fydiaoqucount /www/web/dahuainan_t/public_html/Application/Home/Controller/BaobiaoController.class.php 第 120 行.
NOTIC: [8] Undefined index: kygjcount /www/web/dahuainan_t/public_html/Application/Home/Controller/BaobiaoController.class.php 第 121 行.
NOTIC: [8] Undefined index: tupiancount /www/web/dahuainan_t/public_html/Application/Home/Controller/BaobiaoController.class.php 第 122 行.
NOTIC: [8] Undefined index: yaoshicount /www/web/dahuainan_t/public_html/Application/Home/Controller/BaobiaoController.class.php 第 123 行.
NOTIC: [8] Undefined index: daikancount /www/web/dahuainan_t/public_html/Application/Home/Controller/BaobiaoController.class.php 第 124 行.
NOTIC: [8] Undefined index: daipancount /www/web/dahuainan_t/public_html/Application/Home/Controller/BaobiaoController.class.php 第 125 行.
SQL: SHOW COLUMNS FROM `jjrxt_bumen` [ RunTime:0.0004s ]
SQL: SELECT * FROM `jjrxt_bumen` WHERE `gongsiid` = 10000  [ RunTime:0.0001s ]
INFO: [ view_parse ] --START--
INFO: [ template_filter ] --START--
INFO: Run Behavior\ContentReplaceBehavior [ RunTime:0.000099s ]
INFO: [ template_filter ] --END-- [ RunTime:0.000162s ]
INFO: Run Behavior\ParseTemplateBehavior [ RunTime:0.017322s ]
INFO: [ view_parse ] --END-- [ RunTime:0.017367s ]
INFO: [ view_filter ] --START--
INFO: Run Behavior\WriteHtmlCacheBehavior [ RunTime:0.000176s ]
INFO: Run Behavior\TokenBuildBehavior [ RunTime:0.000311s ]
INFO: [ view_filter ] --END-- [ RunTime:0.000559s ]
INFO: [ app_end ] --START--
INFO: Run Behavior\ShowPageTraceBehavior [ RunTime:0.000327s ]
INFO: [ app_end ] --END-- [ RunTime:0.000375s ]

[ 2017-06-11T11:24:58+08:00 ] 220.178.213.186 /index.php/home/fangyuan/esfy.html
INFO: [ app_init ] --START--
INFO: Run Behavior\BuildLiteBehavior [ RunTime:0.000012s ]
INFO: [ app_init ] --END-- [ RunTime:0.000230s ]
INFO: [ app_begin ] --START--
INFO: Run Behavior\ReadHtmlCacheBehavior [ RunTime:0.000316s ]
INFO: [ app_begin ] --END-- [ RunTime:0.000365s ]
SQL: SHOW COLUMNS FROM `jjrxt_fangyuan` [ RunTime:0.0011s ]
SQL: SELECT COUNT(*) AS tp_count FROM `jjrxt_fangyuan` WHERE `gongsiid` = 10000 LIMIT 1   [ RunTime:0.0001s ]
SQL: SELECT * FROM `jjrxt_fangyuan` WHERE `gongsiid` = 10000 ORDER BY lurusj desc LIMIT 0,25   [ RunTime:0.0001s ]
SQL: SHOW COLUMNS FROM `jjrxt_xingzhengqu` [ RunTime:0.0003s ]
SQL: SELECT * FROM `jjrxt_xingzhengqu`  [ RunTime:0.0001s ]
SQL: SELECT COUNT(*) AS tp_count FROM `jjrxt_fangyuan` WHERE `gongsiid` = 10000 LIMIT 1   [ RunTime:0.0001s ]
SQL: SELECT * FROM `jjrxt_fangyuan` WHERE `gongsiid` = 10000 ORDER BY id LIMIT 0,5   [ RunTime:0.0001s ]
SQL: SELECT * FROM `jjrxt_xingzhengqu`  [ RunTime:0.0001s ]
SQL: SHOW COLUMNS FROM `jjrxt_xiaoqu` [ RunTime:0.0005s ]
SQL: SELECT * FROM `jjrxt_xiaoqu` WHERE `gongsiid` = 10000  [ RunTime:0.0003s ]
SQL: SHOW COLUMNS FROM `jjrxt_peizhi` [ RunTime:0.0003s ]
SQL: SELECT * FROM `jjrxt_peizhi` WHERE `pzming` = 'zhuangtai'  [ RunTime:0.0001s ]
SQL: SELECT * FROM `jjrxt_peizhi` WHERE `pzming` = 'chaoxiang'  [ RunTime:0.0001s ]
SQL: SELECT * FROM `jjrxt_peizhi` WHERE `pzming` = 'zhuangxiu'  [ RunTime:0.0001s ]
SQL: SELECT * FROM `jjrxt_peizhi` WHERE `pzming` = 'yongtu'  [ RunTime:0.0001s ]
INFO: [ view_parse ] --START--
INFO: [ template_filter ] --START--
INFO: Run Behavior\ContentReplaceBehavior [ RunTime:0.000054s ]
INFO: [ template_filter ] --END-- [ RunTime:0.000100s ]
NOTIC: [8] Undefined index: txt /www/web/dahuainan_t/public_html/Application/Runtime/Cache/Home/6a87db38178f467db8a535b9bd42a541.php 第 327 行.
NOTIC: [8] Undefined index: txt /www/web/dahuainan_t/public_html/Application/Runtime/Cache/Home/6a87db38178f467db8a535b9bd42a541.php 第 329 行.
INFO: Run Behavior\ParseTemplateBehavior [ RunTime:0.008525s ]
INFO: [ view_parse ] --END-- [ RunTime:0.008571s ]
INFO: [ view_filter ] --START--
INFO: Run Behavior\WriteHtmlCacheBehavior [ RunTime:0.000150s ]
INFO: Run Behavior\TokenBuildBehavior [ RunTime:0.000329s ]
INFO: [ view_filter ] --END-- [ RunTime:0.000538s ]
INFO: [ app_end ] --START--
INFO: Run Behavior\ShowPageTraceBehavior [ RunTime:0.000314s ]
INFO: [ app_end ] --END-- [ RunTime:0.000360s ]

[ 2017-06-11T11:24:58+08:00 ] 220.178.213.186 /index.php/home/fysousuo/index.html
INFO: [ app_init ] --START--
INFO: Run Behavior\BuildLiteBehavior [ RunTime:0.000012s ]
INFO: [ app_init ] --END-- [ RunTime:0.000227s ]
INFO: [ app_begin ] --START--
INFO: Run Behavior\ReadHtmlCacheBehavior [ RunTime:0.000321s ]
INFO: [ app_begin ] --END-- [ RunTime:0.000369s ]
NOTIC: [8] Undefined index: isget /www/web/dahuainan_t/public_html/Application/Home/Controller/FysousuoController.class.php 第 8 行.
SQL: SHOW COLUMNS FROM `jjrxt_fangyuan` [ RunTime:0.0011s ]
SQL: select count(*) from jjrxt_fangyuan where gongsiid=10000 and leixing=1 and zhuangtai=1 [ RunTime:0.0001s ]
SQL: select * from jjrxt_fangyuan a left outer join 
(select fyid,count(*) dqshu from jjrxt_xianzhi group by fyid) b on a.id=b.fyid where gongsiid=10000 and leixing=1 and zhuangtai=1 order by bianhao DESC limit 0,20 [ RunTime:0.0001s ]
SQL: SHOW COLUMNS FROM `jjrxt_peizhi` [ RunTime:0.0003s ]
SQL: SELECT * FROM `jjrxt_peizhi` WHERE `pzming` = 'zujialx'  [ RunTime:0.0001s ]
SQL: SELECT * FROM `jjrxt_peizhi` WHERE `pzming` = 'leixing'  [ RunTime:0.0001s ]
SQL: SELECT * FROM `jjrxt_peizhi` WHERE `pzming` = 'yongtu'  [ RunTime:0.0001s ]
SQL: SELECT * FROM `jjrxt_peizhi` WHERE `pzming` = 'zhuangtai'  [ RunTime:0.0001s ]
SQL: SELECT * FROM `jjrxt_peizhi` WHERE `pzming` = 'chaoxiang'  [ RunTime:0.0001s ]
SQL: SELECT * FROM `jjrxt_peizhi` WHERE `pzming` = 'zhuangxiu'  [ RunTime:0.0001s ]
SQL: SHOW COLUMNS FROM `jjrxt_yonghu` [ RunTime:0.0004s ]
SQL: SELECT `xzchakan` FROM `jjrxt_yonghu` WHERE `id` = 1 LIMIT 1   [ RunTime:0.0001s ]
SQL: SHOW COLUMNS FROM `jjrxt_xianzhi` [ RunTime:0.0003s ]
SQL: SELECT COUNT(*) AS tp_count FROM `jjrxt_xianzhi` WHERE `uid` = 1 AND `time` = '06-11' LIMIT 1   [ RunTime:0.0001s ]
INFO: [ view_parse ] --START--
INFO: [ template_filter ] --START--
INFO: Run Behavior\ContentReplaceBehavior [ RunTime:0.000051s ]
INFO: [ template_filter ] --END-- [ RunTime:0.000097s ]
NOTIC: [8] Use of undefined constant bianhao - assumed 'bianhao' /www/web/dahuainan_t/public_html/Application/Runtime/Cache/Home/2abf370985eb4cf18001558a56dc2c59.php 第 201 行.
NOTIC: [8] Use of undefined constant bianhao - assumed 'bianhao' /www/web/dahuainan_t/public_html/Application/Runtime/Cache/Home/2abf370985eb4cf18001558a56dc2c59.php 第 213 行.
NOTIC: [8] Use of undefined constant bianhao - assumed 'bianhao' /www/web/dahuainan_t/public_html/Application/Runtime/Cache/Home/2abf370985eb4cf18001558a56dc2c59.php 第 248 行.
NOTIC: [8] Use of undefined constant bianhao - assumed 'bianhao' /www/web/dahuainan_t/public_html/Application/Runtime/Cache/Home/2abf370985eb4cf18001558a56dc2c59.php 第 201 行.
NOTIC: [8] Use of undefined constant bianhao - assumed 'bianhao' /www/web/dahuainan_t/public_html/Application/Runtime/Cache/Home/2abf370985eb4cf18001558a56dc2c59.php 第 213 行.
NOTIC: [8] Use of undefined constant bianhao - assumed 'bianhao' /www/web/dahuainan_t/public_html/Application/Runtime/Cache/Home/2abf370985eb4cf18001558a56dc2c59.php 第 248 行.
NOTIC: [8] Use of undefined constant bianhao - assumed 'bianhao' /www/web/dahuainan_t/public_html/Application/Runtime/Cache/Home/2abf370985eb4cf18001558a56dc2c59.php 第 201 行.
NOTIC: [8] Use of undefined constant bianhao - assumed 'bianhao' /www/web/dahuainan_t/public_html/Application/Runtime/Cache/Home/2abf370985eb4cf18001558a56dc2c59.php 第 213 行.
NOTIC: [8] Use of undefined constant bianhao - assumed 'bianhao' /www/web/dahuainan_t/public_html/Application/Runtime/Cache/Home/2abf370985eb4cf18001558a56dc2c59.php 第 248 行.
NOTIC: [8] Use of undefined constant bianhao - assumed 'bianhao' /www/web/dahuainan_t/public_html/Application/Runtime/Cache/Home/2abf370985eb4cf18001558a56dc2c59.php 第 201 行.
NOTIC: [8] Use of undefined constant bianhao - assumed 'bianhao' /www/web/dahuainan_t/public_html/Application/Runtime/Cache/Home/2abf370985eb4cf18001558a56dc2c59.php 第 213 行.
NOTIC: [8] Use of undefined constant bianhao - assumed 'bianhao' /www/web/dahuainan_t/public_html/Application/Runtime/Cache/Home/2abf370985eb4cf18001558a56dc2c59.php 第 248 行.
NOTIC: [8] Use of undefined constant bianhao - assumed 'bianhao' /www/web/dahuainan_t/public_html/Application/Runtime/Cache/Home/2abf370985eb4cf18001558a56dc2c59.php 第 201 行.
NOTIC: [8] Use of undefined constant bianhao - assumed 'bianhao' /www/web/dahuainan_t/public_html/Application/Runtime/Cache/Home/2abf370985eb4cf18001558a56dc2c59.php 第 213 行.
NOTIC: [8] Use of undefined constant bianhao - assumed 'bianhao' /www/web/dahuainan_t/public_html/Application/Runtime/Cache/Home/2abf370985eb4cf18001558a56dc2c59.php 第 248 行.
NOTIC: [8] Use of undefined constant bianhao - assumed 'bianhao' /www/web/dahuainan_t/public_html/Application/Runtime/Cache/Home/2abf370985eb4cf18001558a56dc2c59.php 第 201 行.
NOTIC: [8] Use of undefined constant bianhao - assumed 'bianhao' /www/web/dahuainan_t/public_html/Application/Runtime/Cache/Home/2abf370985eb4cf18001558a56dc2c59.php 第 213 行.
NOTIC: [8] Use of undefined constant bianhao - assumed 'bianhao' /www/web/dahuainan_t/public_html/Application/Runtime/Cache/Home/2abf370985eb4cf18001558a56dc2c59.php 第 248 行.
NOTIC: [8] Use of undefined constant bianhao - assumed 'bianhao' /www/web/dahuainan_t/public_html/Application/Runtime/Cache/Home/2abf370985eb4cf18001558a56dc2c59.php 第 201 行.
NOTIC: [8] Use of undefined constant bianhao - assumed 'bianhao' /www/web/dahuainan_t/public_html/Application/Runtime/Cache/Home/2abf370985eb4cf18001558a56dc2c59.php 第 213 行.
NOTIC: [8] Use of undefined constant bianhao - assumed 'bianhao' /www/web/dahuainan_t/public_html/Application/Runtime/Cache/Home/2abf370985eb4cf18001558a56dc2c59.php 第 248 行.
NOTIC: [8] Use of undefined constant bianhao - assumed 'bianhao' /www/web/dahuainan_t/public_html/Application/Runtime/Cache/Home/2abf370985eb4cf18001558a56dc2c59.php 第 201 行.
NOTIC: [8] Use of undefined constant bianhao - assumed 'bianhao' /www/web/dahuainan_t/public_html/Application/Runtime/Cache/Home/2abf370985eb4cf18001558a56dc2c59.php 第 213 行.
NOTIC: [8] Use of undefined constant bianhao - assumed 'bianhao' /www/web/dahuainan_t/public_html/Application/Runtime/Cache/Home/2abf370985eb4cf18001558a56dc2c59.php 第 248 行.
NOTIC: [8] Use of undefined constant bianhao - assumed 'bianhao' /www/web/dahuainan_t/public_html/Application/Runtime/Cache/Home/2abf370985eb4cf18001558a56dc2c59.php 第 201 行.
NOTIC: [8] Use of undefined constant bianhao - assumed 'bianhao' /www/web/dahuainan_t/public_html/Application/Runtime/Cache/Home/2abf370985eb4cf18001558a56dc2c59.php 第 213 行.
NOTIC: [8] Use of undefined constant bianhao - assumed 'bianhao' /www/web/dahuainan_t/public_html/Application/Runtime/Cache/Home/2abf370985eb4cf18001558a56dc2c59.php 第 248 行.
NOTIC: [8] Use of undefined constant bianhao - assumed 'bianhao' /www/web/dahuainan_t/public_html/Application/Runtime/Cache/Home/2abf370985eb4cf18001558a56dc2c59.php 第 201 行.
NOTIC: [8] Use of undefined constant bianhao - assumed 'bianhao' /www/web/dahuainan_t/public_html/Application/Runtime/Cache/Home/2abf370985eb4cf18001558a56dc2c59.php 第 213 行.
NOTIC: [8] Use of undefined constant bianhao - assumed 'bianhao' /www/web/dahuainan_t/public_html/Application/Runtime/Cache/Home/2abf370985eb4cf18001558a56dc2c59.php 第 248 行.
NOTIC: [8] Use of undefined constant bianhao - assumed 'bianhao' /www/web/dahuainan_t/public_html/Application/Runtime/Cache/Home/2abf370985eb4cf18001558a56dc2c59.php 第 201 行.
NOTIC: [8] Use of undefined constant bianhao - assumed 'bianhao' /www/web/dahuainan_t/public_html/Application/Runtime/Cache/Home/2abf370985eb4cf18001558a56dc2c59.php 第 213 行.
NOTIC: [8] Use of undefined constant bianhao - assumed 'bianhao' /www/web/dahuainan_t/public_html/Application/Runtime/Cache/Home/2abf370985eb4cf18001558a56dc2c59.php 第 248 行.
NOTIC: [8] Use of undefined constant bianhao - assumed 'bianhao' /www/web/dahuainan_t/public_html/Application/Runtime/Cache/Home/2abf370985eb4cf18001558a56dc2c59.php 第 201 行.
NOTIC: [8] Use of undefined constant bianhao - assumed 'bianhao' /www/web/dahuainan_t/public_html/Application/Runtime/Cache/Home/2abf370985eb4cf18001558a56dc2c59.php 第 213 行.
NOTIC: [8] Use of undefined constant bianhao - assumed 'bianhao' /www/web/dahuainan_t/public_html/Application/Runtime/Cache/Home/2abf370985eb4cf18001558a56dc2c59.php 第 248 行.
NOTIC: [8] Use of undefined constant bianhao - assumed 'bianhao' /www/web/dahuainan_t/public_html/Application/Runtime/Cache/Home/2abf370985eb4cf18001558a56dc2c59.php 第 201 行.
NOTIC: [8] Use of undefined constant bianhao - assumed 'bianhao' /www/web/dahuainan_t/public_html/Application/Runtime/Cache/Home/2abf370985eb4cf18001558a56dc2c59.php 第 213 行.
NOTIC: [8] Use of undefined constant bianhao - assumed 'bianhao' /www/web/dahuainan_t/public_html/Application/Runtime/Cache/Home/2abf370985eb4cf18001558a56dc2c59.php 第 248 行.
NOTIC: [8] Use of undefined constant bianhao - assumed 'bianhao' /www/web/dahuainan_t/public_html/Application/Runtime/Cache/Home/2abf370985eb4cf18001558a56dc2c59.php 第 201 行.
NOTIC: [8] Use of undefined constant bianhao - assumed 'bianhao' /www/web/dahuainan_t/public_html/Application/Runtime/Cache/Home/2abf370985eb4cf18001558a56dc2c59.php 第 213 行.
NOTIC: [8] Use of undefined constant bianhao - assumed 'bianhao' /www/web/dahuainan_t/public_html/Application/Runtime/Cache/Home/2abf370985eb4cf18001558a56dc2c59.php 第 248 行.
NOTIC: [8] Use of undefined constant bianhao - assumed 'bianhao' /www/web/dahuainan_t/public_html/Application/Runtime/Cache/Home/2abf370985eb4cf18001558a56dc2c59.php 第 201 行.
NOTIC: [8] Use of undefined constant bianhao - assumed 'bianhao' /www/web/dahuainan_t/public_html/Application/Runtime/Cache/Home/2abf370985eb4cf18001558a56dc2c59.php 第 213 行.
NOTIC: [8] Use of undefined constant bianhao - assumed 'bianhao' /www/web/dahuainan_t/public_html/Application/Runtime/Cache/Home/2abf370985eb4cf18001558a56dc2c59.php 第 248 行.
NOTIC: [8] Use of undefined constant bianhao - assumed 'bianhao' /www/web/dahuainan_t/public_html/Application/Runtime/Cache/Home/2abf370985eb4cf18001558a56dc2c59.php 第 201 行.
NOTIC: [8] Use of undefined constant bianhao - assumed 'bianhao' /www/web/dahuainan_t/public_html/Application/Runtime/Cache/Home/2abf370985eb4cf18001558a56dc2c59.php 第 213 行.
NOTIC: [8] Use of undefined constant bianhao - assumed 'bianhao' /www/web/dahuainan_t/public_html/Application/Runtime/Cache/Home/2abf370985eb4cf18001558a56dc2c59.php 第 248 行.
NOTIC: [8] Use of undefined constant bianhao - assumed 'bianhao' /www/web/dahuainan_t/public_html/Application/Runtime/Cache/Home/2abf370985eb4cf18001558a56dc2c59.php 第 201 行.
NOTIC: [8] Use of undefined constant bianhao - assumed 'bianhao' /www/web/dahuainan_t/public_html/Application/Runtime/Cache/Home/2abf370985eb4cf18001558a56dc2c59.php 第 213 行.
NOTIC: [8] Use of undefined constant bianhao - assumed 'bianhao' /www/web/dahuainan_t/public_html/Application/Runtime/Cache/Home/2abf370985eb4cf18001558a56dc2c59.php 第 248 行.
NOTIC: [8] Use of undefined constant bianhao - assumed 'bianhao' /www/web/dahuainan_t/public_html/Application/Runtime/Cache/Home/2abf370985eb4cf18001558a56dc2c59.php 第 201 行.
NOTIC: [8] Use of undefined constant bianhao - assumed 'bianhao' /www/web/dahuainan_t/public_html/Application/Runtime/Cache/Home/2abf370985eb4cf18001558a56dc2c59.php 第 213 行.
NOTIC: [8] Use of undefined constant bianhao - assumed 'bianhao' /www/web/dahuainan_t/public_html/Application/Runtime/Cache/Home/2abf370985eb4cf18001558a56dc2c59.php 第 248 行.
NOTIC: [8] Use of undefined constant bianhao - assumed 'bianhao' /www/web/dahuainan_t/public_html/Application/Runtime/Cache/Home/2abf370985eb4cf18001558a56dc2c59.php 第 201 行.
NOTIC: [8] Use of undefined constant bianhao - assumed 'bianhao' /www/web/dahuainan_t/public_html/Application/Runtime/Cache/Home/2abf370985eb4cf18001558a56dc2c59.php 第 213 行.
NOTIC: [8] Use of undefined constant bianhao - assumed 'bianhao' /www/web/dahuainan_t/public_html/Application/Runtime/Cache/Home/2abf370985eb4cf18001558a56dc2c59.php 第 248 行.
NOTIC: [8] Use of undefined constant bianhao - assumed 'bianhao' /www/web/dahuainan_t/public_html/Application/Runtime/Cache/Home/2abf370985eb4cf18001558a56dc2c59.php 第 201 行.
NOTIC: [8] Use of undefined constant bianhao - assumed 'bianhao' /www/web/dahuainan_t/public_html/Application/Runtime/Cache/Home/2abf370985eb4cf18001558a56dc2c59.php 第 213 行.
NOTIC: [8] Use of undefined constant bianhao - assumed 'bianhao' /www/web/dahuainan_t/public_html/Application/Runtime/Cache/Home/2abf370985eb4cf18001558a56dc2c59.php 第 248 行.
INFO: Run Behavior\ParseTemplateBehavior [ RunTime:0.015032s ]
INFO: [ view_parse ] --END-- [ RunTime:0.015073s ]
INFO: [ view_filter ] --START--
INFO: Run Behavior\WriteHtmlCacheBehavior [ RunTime:0.000178s ]
INFO: Run Behavior\TokenBuildBehavior [ RunTime:0.000362s ]
INFO: [ view_filter ] --END-- [ RunTime:0.000602s ]
INFO: [ app_end ] --START--
INFO: Run Behavior\ShowPageTraceBehavior [ RunTime:0.000317s ]
INFO: [ app_end ] --END-- [ RunTime:0.000362s ]

[ 2017-06-11T11:34:35+08:00 ] 220.178.213.186 /
INFO: [ app_init ] --START--
INFO: Run Behavior\BuildLiteBehavior [ RunTime:0.000012s ]
INFO: [ app_init ] --END-- [ RunTime:0.000229s ]
INFO: [ app_begin ] --START--
INFO: Run Behavior\ReadHtmlCacheBehavior [ RunTime:0.000292s ]
INFO: [ app_begin ] --END-- [ RunTime:0.000338s ]

[ 2017-06-11T11:34:35+08:00 ] 220.178.213.186 /index.php/home/login/regist.html
INFO: [ app_init ] --START--
INFO: Run Behavior\BuildLiteBehavior [ RunTime:0.000011s ]
INFO: [ app_init ] --END-- [ RunTime:0.000238s ]
INFO: [ app_begin ] --START--
INFO: Run Behavior\ReadHtmlCacheBehavior [ RunTime:0.000291s ]
INFO: [ app_begin ] --END-- [ RunTime:0.000335s ]
INFO: [ view_parse ] --START--
INFO: [ template_filter ] --START--
INFO: Run Behavior\ContentReplaceBehavior [ RunTime:0.000055s ]
INFO: [ template_filter ] --END-- [ RunTime:0.000101s ]
INFO: Run Behavior\ParseTemplateBehavior [ RunTime:0.004141s ]
INFO: [ view_parse ] --END-- [ RunTime:0.004184s ]
INFO: [ view_filter ] --START--
INFO: Run Behavior\WriteHtmlCacheBehavior [ RunTime:0.000143s ]
INFO: Run Behavior\TokenBuildBehavior [ RunTime:0.000249s ]
INFO: [ view_filter ] --END-- [ RunTime:0.000448s ]
INFO: [ app_end ] --START--
INFO: Run Behavior\ShowPageTraceBehavior [ RunTime:0.000322s ]
INFO: [ app_end ] --END-- [ RunTime:0.000367s ]

[ 2017-06-11T11:34:35+08:00 ] 220.178.213.186 /index.php/home/login/regist
INFO: [ app_init ] --START--
INFO: Run Behavior\BuildLiteBehavior [ RunTime:0.000011s ]
INFO: [ app_init ] --END-- [ RunTime:0.000218s ]
INFO: [ app_begin ] --START--
INFO: Run Behavior\ReadHtmlCacheBehavior [ RunTime:0.000289s ]
INFO: [ app_begin ] --END-- [ RunTime:0.000343s ]
SQL: SHOW COLUMNS FROM `jjrxt_yonghu` [ RunTime:0.0006s ]
SQL: SELECT `keyid` FROM `jjrxt_yonghu` WHERE `keyid` = '11faee6d12c1f62c' AND `gongsiid` = 10000 LIMIT 1   [ RunTime:0.0002s ]
SQL: SHOW COLUMNS FROM `jjrxt_mac` [ RunTime:0.0003s ]
SQL: SELECT `macid`,`shenhe` FROM `jjrxt_mac` WHERE `macid` = '8C-70-5A-39-57-34' LIMIT 1   [ RunTime:0.0001s ]

[ 2017-06-11T11:34:35+08:00 ] 220.178.213.186 /index.php/home/login/index.html
INFO: [ app_init ] --START--
INFO: Run Behavior\BuildLiteBehavior [ RunTime:0.000011s ]
INFO: [ app_init ] --END-- [ RunTime:0.000218s ]
INFO: [ app_begin ] --START--
INFO: Run Behavior\ReadHtmlCacheBehavior [ RunTime:0.000313s ]
INFO: [ app_begin ] --END-- [ RunTime:0.000359s ]
NOTIC: [8] Undefined index: mmm /www/web/dahuainan_t/public_html/Application/Home/Controller/LoginController.class.php 第 7 行.
INFO: [ view_parse ] --START--
INFO: [ template_filter ] --START--
INFO: Run Behavior\ContentReplaceBehavior [ RunTime:0.000061s ]
INFO: [ template_filter ] --END-- [ RunTime:0.000104s ]
NOTIC: [8] Undefined variable: verifyerror /www/web/dahuainan_t/public_html/Application/Runtime/Cache/Home/5b6adcb62ad2b5dfc2abc2cd5e11dc99.php 第 50 行.
INFO: Run Behavior\ParseTemplateBehavior [ RunTime:0.004374s ]
INFO: [ view_parse ] --END-- [ RunTime:0.004411s ]
INFO: [ view_filter ] --START--
INFO: Run Behavior\WriteHtmlCacheBehavior [ RunTime:0.000144s ]
INFO: Run Behavior\TokenBuildBehavior [ RunTime:0.000254s ]
INFO: [ view_filter ] --END-- [ RunTime:0.000454s ]
INFO: [ app_end ] --START--
INFO: Run Behavior\ShowPageTraceBehavior [ RunTime:0.000344s ]
INFO: [ app_end ] --END-- [ RunTime:0.000388s ]

[ 2017-06-11T15:15:38+08:00 ] 220.178.213.186 /index.php/Home/Index/index.html
INFO: [ app_init ] --START--
INFO: Run Behavior\BuildLiteBehavior [ RunTime:0.003029s ]
INFO: [ app_init ] --END-- [ RunTime:0.003268s ]
INFO: [ app_begin ] --START--
INFO: Run Behavior\ReadHtmlCacheBehavior [ RunTime:0.000296s ]
INFO: [ app_begin ] --END-- [ RunTime:0.000342s ]

[ 2017-06-11T15:15:39+08:00 ] 220.178.213.186 /index.php/home/login/regist.html
INFO: [ app_init ] --START--
INFO: Run Behavior\BuildLiteBehavior [ RunTime:0.000011s ]
INFO: [ app_init ] --END-- [ RunTime:0.000226s ]
INFO: [ app_begin ] --START--
INFO: Run Behavior\ReadHtmlCacheBehavior [ RunTime:0.000289s ]
INFO: [ app_begin ] --END-- [ RunTime:0.000343s ]
INFO: [ view_parse ] --START--
INFO: [ template_filter ] --START--
INFO: Run Behavior\ContentReplaceBehavior [ RunTime:0.000056s ]
INFO: [ template_filter ] --END-- [ RunTime:0.000102s ]
INFO: Run Behavior\ParseTemplateBehavior [ RunTime:0.004117s ]
INFO: [ view_parse ] --END-- [ RunTime:0.004161s ]
INFO: [ view_filter ] --START--
INFO: Run Behavior\WriteHtmlCacheBehavior [ RunTime:0.000171s ]
INFO: Run Behavior\TokenBuildBehavior [ RunTime:0.000278s ]
INFO: [ view_filter ] --END-- [ RunTime:0.000507s ]
INFO: [ app_end ] --START--
INFO: Run Behavior\ShowPageTraceBehavior [ RunTime:0.000324s ]
INFO: [ app_end ] --END-- [ RunTime:0.000369s ]

[ 2017-06-11T15:15:49+08:00 ] 180.163.2.117 /index.php/home/login/regist.html
INFO: [ app_init ] --START--
INFO: Run Behavior\BuildLiteBehavior [ RunTime:0.000036s ]
INFO: [ app_init ] --END-- [ RunTime:0.000278s ]
INFO: [ app_begin ] --START--
INFO: Run Behavior\ReadHtmlCacheBehavior [ RunTime:0.000291s ]
INFO: [ app_begin ] --END-- [ RunTime:0.000337s ]
INFO: [ view_parse ] --START--
INFO: [ template_filter ] --START--
INFO: Run Behavior\ContentReplaceBehavior [ RunTime:0.000056s ]
INFO: [ template_filter ] --END-- [ RunTime:0.000102s ]
INFO: Run Behavior\ParseTemplateBehavior [ RunTime:0.004088s ]
INFO: [ view_parse ] --END-- [ RunTime:0.004132s ]
INFO: [ view_filter ] --START--
INFO: Run Behavior\WriteHtmlCacheBehavior [ RunTime:0.000143s ]
INFO: Run Behavior\TokenBuildBehavior [ RunTime:0.000259s ]
INFO: [ view_filter ] --END-- [ RunTime:0.000471s ]
INFO: [ app_end ] --START--
INFO: Run Behavior\ShowPageTraceBehavior [ RunTime:0.000323s ]
INFO: [ app_end ] --END-- [ RunTime:0.000367s ]

