[ 2017-09-21T21:32:10+08:00 ] ::1 /kaidandashi/index.php/api/rent/getRenlist.html
INFO: [ app_init ] --START--
INFO: Run Behavior\BuildLiteBehavior [ RunTime:0.000010s ]
INFO: [ app_init ] --END-- [ RunTime:0.000740s ]
ERR: 非法操作:getrenlist

[ 2017-09-21T21:32:43+08:00 ] ::1 /kaidandashi/index.php/api/rent/getRentList.html
INFO: [ app_init ] --START--
INFO: Run Behavior\BuildLiteBehavior [ RunTime:0.000011s ]
INFO: [ app_init ] --END-- [ RunTime:0.000597s ]

[ 2017-09-21T21:40:34+08:00 ] ::1 /kaidandashi/index.php/api/common/getHouseParameList.html
INFO: [ app_init ] --START--
INFO: Run Behavior\BuildLiteBehavior [ RunTime:0.000011s ]
INFO: [ app_init ] --END-- [ RunTime:0.000622s ]
ERR: 非法操作:gethouseparamelist

[ 2017-09-21T21:40:55+08:00 ] ::1 /kaidandashi/index.php/api/rent/getRentList.html
INFO: [ app_init ] --START--
INFO: Run Behavior\BuildLiteBehavior [ RunTime:0.000011s ]
INFO: [ app_init ] --END-- [ RunTime:0.000629s ]

[ 2017-09-21T21:41:22+08:00 ] ::1 /kaidandashi/index.php/api/Common/getHouseParameList.html
INFO: [ app_init ] --START--
INFO: Run Behavior\BuildLiteBehavior [ RunTime:0.000011s ]
INFO: [ app_init ] --END-- [ RunTime:0.000537s ]
ERR: 非法操作:gethouseparamelist

[ 2017-09-21T21:41:37+08:00 ] ::1 /kaidandashi/index.php/api/Common/gethouseparameList.html
INFO: [ app_init ] --START--
INFO: Run Behavior\BuildLiteBehavior [ RunTime:0.000025s ]
INFO: [ app_init ] --END-- [ RunTime:0.000818s ]
ERR: 非法操作:gethouseparamelist

[ 2017-09-21T21:41:40+08:00 ] ::1 /kaidandashi/index.php/api/common/gethouseparameList.html
INFO: [ app_init ] --START--
INFO: Run Behavior\BuildLiteBehavior [ RunTime:0.000010s ]
INFO: [ app_init ] --END-- [ RunTime:0.000790s ]
ERR: 非法操作:gethouseparamelist

[ 2017-09-21T21:41:43+08:00 ] ::1 /kaidandashi/index.php/api/common/gethouseparameList.html
INFO: [ app_init ] --START--
INFO: Run Behavior\BuildLiteBehavior [ RunTime:0.000022s ]
INFO: [ app_init ] --END-- [ RunTime:0.000812s ]
ERR: 非法操作:gethouseparamelist

[ 2017-09-21T21:41:57+08:00 ] ::1 /kaidandashi/index.php/api/common/gethouseparameList.html
INFO: [ app_init ] --START--
INFO: Run Behavior\BuildLiteBehavior [ RunTime:0.000012s ]
INFO: [ app_init ] --END-- [ RunTime:0.000503s ]

[ 2017-09-21T21:41:58+08:00 ] ::1 /kaidandashi/index.php/api/common/gethouseparameList.html
INFO: [ app_init ] --START--
INFO: Run Behavior\BuildLiteBehavior [ RunTime:0.000011s ]
INFO: [ app_init ] --END-- [ RunTime:0.000647s ]

[ 2017-09-21T21:42:04+08:00 ] ::1 /kaidandashi/index.php/api/common/gethouseparameList.html
INFO: [ app_init ] --START--
INFO: Run Behavior\BuildLiteBehavior [ RunTime:0.000010s ]
INFO: [ app_init ] --END-- [ RunTime:0.000588s ]

[ 2017-09-21T21:42:05+08:00 ] ::1 /kaidandashi/index.php/api/common/gethouseparameList.html
INFO: [ app_init ] --START--
INFO: Run Behavior\BuildLiteBehavior [ RunTime:0.000010s ]
INFO: [ app_init ] --END-- [ RunTime:0.000512s ]

[ 2017-09-21T21:43:33+08:00 ] ::1 /kaidandashi/index.php/api/common/gethouseparameList.html
INFO: [ app_init ] --START--
INFO: Run Behavior\BuildLiteBehavior [ RunTime:0.000013s ]
INFO: [ app_init ] --END-- [ RunTime:0.000677s ]

[ 2017-09-21T21:44:13+08:00 ] ::1 /kaidandashi/index.php/api/common/gethouseparameList.html
INFO: [ app_init ] --START--
INFO: Run Behavior\BuildLiteBehavior [ RunTime:0.000015s ]
INFO: [ app_init ] --END-- [ RunTime:0.000850s ]

[ 2017-09-21T21:44:51+08:00 ] ::1 /kaidandashi/index.php/api/common/gethouseparameList.html
INFO: [ app_init ] --START--
INFO: Run Behavior\BuildLiteBehavior [ RunTime:0.000010s ]
INFO: [ app_init ] --END-- [ RunTime:0.000576s ]

[ 2017-09-21T21:45:38+08:00 ] ::1 /kaidandashi/index.php/api/common/gethouseparameList.html
INFO: [ app_init ] --START--
INFO: Run Behavior\BuildLiteBehavior [ RunTime:0.000014s ]
INFO: [ app_init ] --END-- [ RunTime:0.000529s ]

[ 2017-09-21T21:45:54+08:00 ] ::1 /kaidandashi/index.php/api/common/gethouseparameList.html
INFO: [ app_init ] --START--
INFO: Run Behavior\BuildLiteBehavior [ RunTime:0.000011s ]
INFO: [ app_init ] --END-- [ RunTime:0.000634s ]

[ 2017-09-21T21:46:16+08:00 ] ::1 /kaidandashi/index.php/api/common/gethouseparameList.html
INFO: [ app_init ] --START--
INFO: Run Behavior\BuildLiteBehavior [ RunTime:0.000014s ]
INFO: [ app_init ] --END-- [ RunTime:0.000723s ]

[ 2017-09-21T21:46:42+08:00 ] ::1 /kaidandashi/index.php/api/common/gethouseparameList.html
INFO: [ app_init ] --START--
INFO: Run Behavior\BuildLiteBehavior [ RunTime:0.000010s ]
INFO: [ app_init ] --END-- [ RunTime:0.000475s ]

[ 2017-09-21T21:46:44+08:00 ] ::1 /kaidandashi/index.php/api/common/gethouseparameList.html
INFO: [ app_init ] --START--
INFO: Run Behavior\BuildLiteBehavior [ RunTime:0.000013s ]
INFO: [ app_init ] --END-- [ RunTime:0.000479s ]

[ 2017-09-21T21:47:25+08:00 ] ::1 /kaidandashi/index.php/api/common/gethouseparameList.html
INFO: [ app_init ] --START--
INFO: Run Behavior\BuildLiteBehavior [ RunTime:0.000010s ]
INFO: [ app_init ] --END-- [ RunTime:0.000482s ]

[ 2017-09-21T21:48:17+08:00 ] ::1 /kaidandashi/index.php/api/common/gethouseparameList.html
INFO: [ app_init ] --START--
INFO: Run Behavior\BuildLiteBehavior [ RunTime:0.000029s ]
INFO: [ app_init ] --END-- [ RunTime:0.000929s ]

[ 2017-09-21T21:59:30+08:00 ] ::1 /kaidandashi/index.php/api/common
INFO: [ app_init ] --START--
INFO: Run Behavior\BuildLiteBehavior [ RunTime:0.000013s ]
INFO: [ app_init ] --END-- [ RunTime:0.000765s ]

[ 2017-09-21T21:59:51+08:00 ] ::1 /kaidandashi/index.php/api/param
INFO: [ app_init ] --START--
INFO: Run Behavior\BuildLiteBehavior [ RunTime:0.000010s ]
INFO: [ app_init ] --END-- [ RunTime:0.000548s ]
ERR: 无法加载控制器:Param

[ 2017-09-21T22:00:01+08:00 ] ::1 /kaidandashi/index.php/api/param
INFO: [ app_init ] --START--
INFO: Run Behavior\BuildLiteBehavior [ RunTime:0.000023s ]
INFO: [ app_init ] --END-- [ RunTime:0.000653s ]
ERR: 无法加载控制器:Param

[ 2017-09-21T22:00:02+08:00 ] ::1 /kaidandashi/index.php/api/param
INFO: [ app_init ] --START--
INFO: Run Behavior\BuildLiteBehavior [ RunTime:0.000011s ]
INFO: [ app_init ] --END-- [ RunTime:0.000587s ]
ERR: 无法加载控制器:Param

[ 2017-09-21T22:00:02+08:00 ] ::1 /kaidandashi/index.php/api/param
INFO: [ app_init ] --START--
INFO: Run Behavior\BuildLiteBehavior [ RunTime:0.000028s ]
INFO: [ app_init ] --END-- [ RunTime:0.000626s ]
ERR: 无法加载控制器:Param

[ 2017-09-21T22:00:02+08:00 ] ::1 /kaidandashi/index.php/api/param
INFO: [ app_init ] --START--
INFO: Run Behavior\BuildLiteBehavior [ RunTime:0.000012s ]
INFO: [ app_init ] --END-- [ RunTime:0.000449s ]
ERR: 无法加载控制器:Param

[ 2017-09-21T22:00:02+08:00 ] ::1 /kaidandashi/index.php/api/param
INFO: [ app_init ] --START--
INFO: Run Behavior\BuildLiteBehavior [ RunTime:0.000011s ]
INFO: [ app_init ] --END-- [ RunTime:0.000572s ]
ERR: 无法加载控制器:Param

[ 2017-09-21T22:00:13+08:00 ] ::1 /kaidandashi/index.php/api/common
INFO: [ app_init ] --START--
INFO: Run Behavior\BuildLiteBehavior [ RunTime:0.000010s ]
INFO: [ app_init ] --END-- [ RunTime:0.000542s ]
ERR: 非法操作:index

[ 2017-09-21T22:00:15+08:00 ] ::1 /kaidandashi/index.php/api/common
INFO: [ app_init ] --START--
INFO: Run Behavior\BuildLiteBehavior [ RunTime:0.000011s ]
INFO: [ app_init ] --END-- [ RunTime:0.000580s ]
ERR: 非法操作:index

[ 2017-09-21T22:00:15+08:00 ] ::1 /kaidandashi/index.php/api/common
INFO: [ app_init ] --START--
INFO: Run Behavior\BuildLiteBehavior [ RunTime:0.000010s ]
INFO: [ app_init ] --END-- [ RunTime:0.000446s ]
ERR: 非法操作:index

[ 2017-09-21T22:00:17+08:00 ] ::1 /kaidandashi/index.php/api/param
INFO: [ app_init ] --START--
INFO: Run Behavior\BuildLiteBehavior [ RunTime:0.000012s ]
INFO: [ app_init ] --END-- [ RunTime:0.001031s ]
ERR: 无法加载控制器:Param

[ 2017-09-21T22:00:17+08:00 ] ::1 /kaidandashi/index.php/api/common
INFO: [ app_init ] --START--
INFO: Run Behavior\BuildLiteBehavior [ RunTime:0.000010s ]
INFO: [ app_init ] --END-- [ RunTime:0.000586s ]
ERR: 非法操作:index

[ 2017-09-21T22:00:20+08:00 ] ::1 /kaidandashi/index.php/api/common
INFO: [ app_init ] --START--
INFO: Run Behavior\BuildLiteBehavior [ RunTime:0.000010s ]
INFO: [ app_init ] --END-- [ RunTime:0.000574s ]
ERR: 非法操作:index

[ 2017-09-21T22:00:20+08:00 ] ::1 /kaidandashi/index.php/api/param
INFO: [ app_init ] --START--
INFO: Run Behavior\BuildLiteBehavior [ RunTime:0.000010s ]
INFO: [ app_init ] --END-- [ RunTime:0.000514s ]
ERR: 无法加载控制器:Param

[ 2017-09-21T22:00:20+08:00 ] ::1 /kaidandashi/index.php/api/common
INFO: [ app_init ] --START--
INFO: Run Behavior\BuildLiteBehavior [ RunTime:0.000025s ]
INFO: [ app_init ] --END-- [ RunTime:0.000672s ]
ERR: 非法操作:index

[ 2017-09-21T22:00:21+08:00 ] ::1 /kaidandashi/index.php/api/common
INFO: [ app_init ] --START--
INFO: Run Behavior\BuildLiteBehavior [ RunTime:0.000010s ]
INFO: [ app_init ] --END-- [ RunTime:0.000524s ]
ERR: 非法操作:index

[ 2017-09-21T22:00:21+08:00 ] ::1 /kaidandashi/index.php/api/common
INFO: [ app_init ] --START--
INFO: Run Behavior\BuildLiteBehavior [ RunTime:0.000011s ]
INFO: [ app_init ] --END-- [ RunTime:0.000527s ]
ERR: 非法操作:index

[ 2017-09-21T22:00:22+08:00 ] ::1 /kaidandashi/index.php/api/common
INFO: [ app_init ] --START--
INFO: Run Behavior\BuildLiteBehavior [ RunTime:0.000027s ]
INFO: [ app_init ] --END-- [ RunTime:0.000846s ]
ERR: 非法操作:index

[ 2017-09-21T22:00:22+08:00 ] ::1 /kaidandashi/index.php/api/common
INFO: [ app_init ] --START--
INFO: Run Behavior\BuildLiteBehavior [ RunTime:0.000010s ]
INFO: [ app_init ] --END-- [ RunTime:0.000524s ]
ERR: 非法操作:index

[ 2017-09-21T22:00:37+08:00 ] ::1 /kaidandashi/index.php/api/common
INFO: [ app_init ] --START--
INFO: Run Behavior\BuildLiteBehavior [ RunTime:0.000012s ]
INFO: [ app_init ] --END-- [ RunTime:0.000618s ]
ERR: 非法操作:index

[ 2017-09-21T22:02:47+08:00 ] ::1 /kaidandashi/index.php/api/common/gethouseparameList.html
INFO: [ app_init ] --START--
INFO: Run Behavior\BuildLiteBehavior [ RunTime:0.000013s ]
INFO: [ app_init ] --END-- [ RunTime:0.000873s ]

[ 2017-09-21T22:04:21+08:00 ] ::1 /kaidandashi/index.php/api/common/gethouseparameList.html
INFO: [ app_init ] --START--
INFO: Run Behavior\BuildLiteBehavior [ RunTime:0.000010s ]
INFO: [ app_init ] --END-- [ RunTime:0.000570s ]

[ 2017-09-21T22:04:25+08:00 ] ::1 /kaidandashi/api/common/gethouseparameList.html
INFO: [ app_init ] --START--
INFO: Run Behavior\BuildLiteBehavior [ RunTime:0.000009s ]
INFO: [ app_init ] --END-- [ RunTime:0.000548s ]

[ 2017-09-21T22:05:21+08:00 ] ::1 /kaidandashi/api/common/gethouseparameList.html
INFO: [ app_init ] --START--
INFO: Run Behavior\BuildLiteBehavior [ RunTime:0.000011s ]
INFO: [ app_init ] --END-- [ RunTime:0.000513s ]

[ 2017-09-21T22:08:44+08:00 ] ::1 /kaidandashi/api/common/gethouseparameList.html
INFO: [ app_init ] --START--
INFO: Run Behavior\BuildLiteBehavior [ RunTime:0.000011s ]
INFO: [ app_init ] --END-- [ RunTime:0.000599s ]

[ 2017-09-21T22:15:05+08:00 ] ::1 /kaidandashi/api/common/gethouseparameList.html
INFO: [ app_init ] --START--
INFO: Run Behavior\BuildLiteBehavior [ RunTime:0.000010s ]
INFO: [ app_init ] --END-- [ RunTime:0.000470s ]

[ 2017-09-21T22:15:23+08:00 ] ::1 /kaidandashi/api/common/getHouseEstate.html
INFO: [ app_init ] --START--
INFO: Run Behavior\BuildLiteBehavior [ RunTime:0.000010s ]
INFO: [ app_init ] --END-- [ RunTime:0.000598s ]

[ 2017-09-21T22:15:40+08:00 ] ::1 /kaidandashi/api/common/getHouseEstate.html?11
INFO: [ app_init ] --START--
INFO: Run Behavior\BuildLiteBehavior [ RunTime:0.000011s ]
INFO: [ app_init ] --END-- [ RunTime:0.000831s ]

[ 2017-09-21T22:15:56+08:00 ] ::1 /kaidandashi/api/common/getHouseEstate.html?11
INFO: [ app_init ] --START--
INFO: Run Behavior\BuildLiteBehavior [ RunTime:0.000017s ]
INFO: [ app_init ] --END-- [ RunTime:0.000592s ]

[ 2017-09-21T22:16:11+08:00 ] ::1 /kaidandashi/api/common/getHouseEstate.html?txt=11
INFO: [ app_init ] --START--
INFO: Run Behavior\BuildLiteBehavior [ RunTime:0.000032s ]
INFO: [ app_init ] --END-- [ RunTime:0.000732s ]

[ 2017-09-21T22:16:20+08:00 ] ::1 /kaidandashi/api/common/getHouseEstate.html?txt=11
INFO: [ app_init ] --START--
INFO: Run Behavior\BuildLiteBehavior [ RunTime:0.000011s ]
INFO: [ app_init ] --END-- [ RunTime:0.000601s ]

[ 2017-09-21T22:16:26+08:00 ] ::1 /kaidandashi/api/common/getHouseEstate.html?txt=11
INFO: [ app_init ] --START--
INFO: Run Behavior\BuildLiteBehavior [ RunTime:0.000011s ]
INFO: [ app_init ] --END-- [ RunTime:0.000534s ]

